[ 2016-11-05T08:42:47+08:00 ] 172.16.4.244 /app/Home/Index/seckill
INFO: [ app_init ] --START--
INFO: Run Behavior\BuildLiteBehavior [ RunTime:0.000000s ]
INFO: [ app_init ] --END-- [ RunTime:0.000500s ]
INFO: [ app_begin ] --START--
INFO: Run Behavior\ReadHtmlCacheBehavior [ RunTime:0.000500s ]
INFO: [ app_begin ] --END-- [ RunTime:0.000500s ]
SQL: SHOW COLUMNS FROM `second_kill` [ RunTime:0.0025s ]
SQL: SELECT `id`,all_price as allPrice,point_price as pointPrice,icon_url as iconUrl,`end_time`,`type`,product_id as productId FROM `second_kill` WHERE `start_time` <= '20161105084247' AND `end_time` >= '20161105084247'  [ RunTime:0.0005s ]

[ 2016-11-05T08:42:49+08:00 ] 172.16.4.244 /app/Home/Index/seckill
INFO: [ app_init ] --START--
INFO: Run Behavior\BuildLiteBehavior [ RunTime:0.000000s ]
INFO: [ app_init ] --END-- [ RunTime:0.000500s ]
INFO: [ app_begin ] --START--
INFO: Run Behavior\ReadHtmlCacheBehavior [ RunTime:0.001001s ]
INFO: [ app_begin ] --END-- [ RunTime:0.001001s ]
SQL: SHOW COLUMNS FROM `second_kill` [ RunTime:0.0025s ]
SQL: SELECT `id`,all_price as allPrice,point_price as pointPrice,icon_url as iconUrl,`end_time`,`type`,product_id as productId FROM `second_kill` WHERE `start_time` <= '20161105084249' AND `end_time` >= '20161105084249'  [ RunTime:0.0005s ]

[ 2016-11-05T08:58:35+08:00 ] 172.16.4.244 /app/Home/Index/seckill
INFO: [ app_init ] --START--
INFO: Run Behavior\BuildLiteBehavior [ RunTime:0.000500s ]
INFO: [ app_init ] --END-- [ RunTime:0.038505s ]
INFO: [ app_begin ] --START--
INFO: Run Behavior\ReadHtmlCacheBehavior [ RunTime:0.001001s ]
INFO: [ app_begin ] --END-- [ RunTime:0.001501s ]
SQL: SHOW COLUMNS FROM `second_kill` [ RunTime:0.3055s ]
SQL: SELECT `id`,all_price as allPrice,point_price as pointPrice,icon_url as iconUrl,`end_time`,`type`,product_id as productId FROM `second_kill` WHERE `start_time` <= '20161105085832' AND `end_time` >= '20161105085832'  [ RunTime:0.0140s ]

[ 2016-11-05T08:58:35+08:00 ] 172.16.4.244 /app/Home/Index/seckill
INFO: [ app_init ] --START--
INFO: Run Behavior\BuildLiteBehavior [ RunTime:0.000000s ]
INFO: [ app_init ] --END-- [ RunTime:0.138017s ]
INFO: [ app_begin ] --START--
INFO: Run Behavior\ReadHtmlCacheBehavior [ RunTime:0.001001s ]
INFO: [ app_begin ] --END-- [ RunTime:0.001001s ]
SQL: SHOW COLUMNS FROM `second_kill` [ RunTime:0.0100s ]
SQL: SELECT `id`,all_price as allPrice,point_price as pointPrice,icon_url as iconUrl,`end_time`,`type`,product_id as productId FROM `second_kill` WHERE `start_time` <= '20161105085833' AND `end_time` >= '20161105085833'  [ RunTime:0.0010s ]

[ 2016-11-05T08:58:35+08:00 ] 172.16.4.244 /app/Home/Index/seckill
INFO: [ app_init ] --START--
INFO: Run Behavior\BuildLiteBehavior [ RunTime:0.000500s ]
INFO: [ app_init ] --END-- [ RunTime:0.001000s ]
INFO: [ app_begin ] --START--
INFO: Run Behavior\ReadHtmlCacheBehavior [ RunTime:0.000500s ]
INFO: [ app_begin ] --END-- [ RunTime:0.001000s ]
SQL: SHOW COLUMNS FROM `second_kill` [ RunTime:0.0025s ]
SQL: SELECT `id`,all_price as allPrice,point_price as pointPrice,icon_url as iconUrl,`end_time`,`type`,product_id as productId FROM `second_kill` WHERE `start_time` <= '20161105085833' AND `end_time` >= '20161105085833'  [ RunTime:0.0005s ]

[ 2016-11-05T08:58:38+08:00 ] 172.16.4.244 /app/Home/Index/seckill
INFO: [ app_init ] --START--
INFO: Run Behavior\BuildLiteBehavior [ RunTime:0.000000s ]
INFO: [ app_init ] --END-- [ RunTime:0.000500s ]
INFO: [ app_begin ] --START--
INFO: Run Behavior\ReadHtmlCacheBehavior [ RunTime:0.000500s ]
INFO: [ app_begin ] --END-- [ RunTime:0.000500s ]
SQL: SHOW COLUMNS FROM `second_kill` [ RunTime:0.0030s ]
SQL: SELECT `id`,all_price as allPrice,point_price as pointPrice,icon_url as iconUrl,`end_time`,`type`,product_id as productId FROM `second_kill` WHERE `start_time` <= '20161105085838' AND `end_time` >= '20161105085838'  [ RunTime:0.0010s ]

[ 2016-11-05T08:58:39+08:00 ] 172.16.4.244 /app/Home/Index/seckill
INFO: [ app_init ] --START--
INFO: Run Behavior\BuildLiteBehavior [ RunTime:0.000000s ]
INFO: [ app_init ] --END-- [ RunTime:0.000500s ]
INFO: [ app_begin ] --START--
INFO: Run Behavior\ReadHtmlCacheBehavior [ RunTime:0.000500s ]
INFO: [ app_begin ] --END-- [ RunTime:0.000500s ]
SQL: SHOW COLUMNS FROM `second_kill` [ RunTime:0.0020s ]
SQL: SELECT `id`,all_price as allPrice,point_price as pointPrice,icon_url as iconUrl,`end_time`,`type`,product_id as productId FROM `second_kill` WHERE `start_time` <= '20161105085839' AND `end_time` >= '20161105085839'  [ RunTime:0.0005s ]

[ 2016-11-05T08:58:40+08:00 ] 172.16.4.244 /app/Home/Index/seckill
INFO: [ app_init ] --START--
INFO: Run Behavior\BuildLiteBehavior [ RunTime:0.000000s ]
INFO: [ app_init ] --END-- [ RunTime:0.000500s ]
INFO: [ app_begin ] --START--
INFO: Run Behavior\ReadHtmlCacheBehavior [ RunTime:0.001001s ]
INFO: [ app_begin ] --END-- [ RunTime:0.001001s ]
SQL: SHOW COLUMNS FROM `second_kill` [ RunTime:0.0025s ]
SQL: SELECT `id`,all_price as allPrice,point_price as pointPrice,icon_url as iconUrl,`end_time`,`type`,product_id as productId FROM `second_kill` WHERE `start_time` <= '20161105085840' AND `end_time` >= '20161105085840'  [ RunTime:0.0005s ]

[ 2016-11-05T08:58:43+08:00 ] 172.16.4.244 /app/Home/Index/seckill
INFO: [ app_init ] --START--
INFO: Run Behavior\BuildLiteBehavior [ RunTime:0.000000s ]
INFO: [ app_init ] --END-- [ RunTime:0.000500s ]
INFO: [ app_begin ] --START--
INFO: Run Behavior\ReadHtmlCacheBehavior [ RunTime:0.000500s ]
INFO: [ app_begin ] --END-- [ RunTime:0.001000s ]
SQL: SHOW COLUMNS FROM `second_kill` [ RunTime:0.0025s ]
SQL: SELECT `id`,all_price as allPrice,point_price as pointPrice,icon_url as iconUrl,`end_time`,`type`,product_id as productId FROM `second_kill` WHERE `start_time` <= '20161105085843' AND `end_time` >= '20161105085843'  [ RunTime:0.0000s ]

[ 2016-11-05T09:04:32+08:00 ] ::1 /app/Home/login?username=123&pwd=123456
INFO: [ app_init ] --START--
INFO: Run Behavior\BuildLiteBehavior [ RunTime:0.000000s ]
INFO: [ app_init ] --END-- [ RunTime:0.000500s ]
INFO: [ app_begin ] --START--
INFO: Run Behavior\ReadHtmlCacheBehavior [ RunTime:0.000500s ]
INFO: [ app_begin ] --END-- [ RunTime:0.000500s ]
ERR: 无法加载控制器:Login

[ 2016-11-05T09:04:45+08:00 ] ::1 /app/Home/index/login?username=123&pwd=123456
INFO: [ app_init ] --START--
INFO: Run Behavior\BuildLiteBehavior [ RunTime:0.000000s ]
INFO: [ app_init ] --END-- [ RunTime:0.000501s ]
INFO: [ app_begin ] --START--
INFO: Run Behavior\ReadHtmlCacheBehavior [ RunTime:0.000500s ]
INFO: [ app_begin ] --END-- [ RunTime:0.000500s ]
SQL: SHOW COLUMNS FROM `user` [ RunTime:0.1095s ]
SQL: SELECT * FROM `user` WHERE `username` = '123' LIMIT 1   [ RunTime:0.0005s ]

[ 2016-11-05T09:06:01+08:00 ] 172.16.4.244 /app/Home/Index/seckill
INFO: [ app_init ] --START--
INFO: Run Behavior\BuildLiteBehavior [ RunTime:0.000000s ]
INFO: [ app_init ] --END-- [ RunTime:0.001001s ]
INFO: [ app_begin ] --START--
INFO: Run Behavior\ReadHtmlCacheBehavior [ RunTime:0.001000s ]
INFO: [ app_begin ] --END-- [ RunTime:0.001000s ]
SQL: SHOW COLUMNS FROM `second_kill` [ RunTime:0.0495s ]
SQL: SELECT `id`,all_price as allPrice,point_price as pointPrice,icon_url as iconUrl,`end_time`,`type`,product_id as productId FROM `second_kill` WHERE `start_time` <= '20161105090601' AND `end_time` >= '20161105090601'  [ RunTime:0.0005s ]

[ 2016-11-05T09:18:31+08:00 ] 172.16.4.244 /app/Home/Index/login?username=123&pwd=123456
INFO: [ app_init ] --START--
INFO: Run Behavior\BuildLiteBehavior [ RunTime:0.000000s ]
INFO: [ app_init ] --END-- [ RunTime:0.000000s ]
INFO: [ app_begin ] --START--
INFO: Run Behavior\ReadHtmlCacheBehavior [ RunTime:0.000500s ]
INFO: [ app_begin ] --END-- [ RunTime:0.000500s ]
SQL: SHOW COLUMNS FROM `user` [ RunTime:0.0035s ]
SQL: SELECT * FROM `user` WHERE `username` = '123' LIMIT 1   [ RunTime:0.0000s ]

[ 2016-11-05T09:18:32+08:00 ] 172.16.4.244 /app/Home/Index/banner?adKind=1
INFO: [ app_init ] --START--
INFO: Run Behavior\BuildLiteBehavior [ RunTime:0.000000s ]
INFO: [ app_init ] --END-- [ RunTime:0.000500s ]
INFO: [ app_begin ] --START--
INFO: Run Behavior\ReadHtmlCacheBehavior [ RunTime:0.002000s ]
INFO: [ app_begin ] --END-- [ RunTime:0.002500s ]
SQL: SHOW COLUMNS FROM `banner` [ RunTime:0.0610s ]
SQL: SELECT `id`,`type`,ad_url as adUrl,web_url as webUrl,ad_kind as adKind FROM `banner` WHERE `ad_kind` = 1  [ RunTime:0.0020s ]

[ 2016-11-05T09:18:32+08:00 ] 172.16.4.244 /app/Home/Index/seckill
INFO: [ app_init ] --START--
INFO: Run Behavior\BuildLiteBehavior [ RunTime:0.000000s ]
INFO: [ app_init ] --END-- [ RunTime:0.001000s ]
INFO: [ app_begin ] --START--
INFO: Run Behavior\ReadHtmlCacheBehavior [ RunTime:0.001001s ]
INFO: [ app_begin ] --END-- [ RunTime:0.001001s ]
SQL: SHOW COLUMNS FROM `second_kill` [ RunTime:0.0440s ]
SQL: SELECT `id`,all_price as allPrice,point_price as pointPrice,icon_url as iconUrl,`end_time`,`type`,product_id as productId FROM `second_kill` WHERE `start_time` <= '20161105091831' AND `end_time` >= '20161105091831'  [ RunTime:0.0005s ]

[ 2016-11-05T09:18:32+08:00 ] 172.16.4.244 /app/Home/Index/banner?adKind=2
INFO: [ app_init ] --START--
INFO: Run Behavior\BuildLiteBehavior [ RunTime:0.000000s ]
INFO: [ app_init ] --END-- [ RunTime:0.001000s ]
INFO: [ app_begin ] --START--
INFO: Run Behavior\ReadHtmlCacheBehavior [ RunTime:0.001000s ]
INFO: [ app_begin ] --END-- [ RunTime:0.001000s ]
SQL: SHOW COLUMNS FROM `banner` [ RunTime:0.0135s ]
SQL: SELECT `id`,`type`,ad_url as adUrl,web_url as webUrl,ad_kind as adKind FROM `banner` WHERE `ad_kind` = 2  [ RunTime:0.0030s ]

[ 2016-11-05T09:18:32+08:00 ] 172.16.4.244 /app/Home/Index/getYourFav
INFO: [ app_init ] --START--
INFO: Run Behavior\BuildLiteBehavior [ RunTime:0.000000s ]
INFO: [ app_init ] --END-- [ RunTime:0.001000s ]
INFO: [ app_begin ] --START--
INFO: Run Behavior\ReadHtmlCacheBehavior [ RunTime:0.000500s ]
INFO: [ app_begin ] --END-- [ RunTime:0.001000s ]
SQL: SHOW COLUMNS FROM `favorite` [ RunTime:0.0165s ]
SQL: SELECT `price`,`name`,icon_url as iconUrl,product_id as productId FROM `favorite`  [ RunTime:0.0005s ]

[ 2016-11-05T09:18:32+08:00 ] 172.16.4.244 /app/Home/Index/Public/images/58198f9fNb47590af.jpg
INFO: [ app_init ] --START--
INFO: Run Behavior\BuildLiteBehavior [ RunTime:0.000000s ]
INFO: [ app_init ] --END-- [ RunTime:0.001000s ]

[ 2016-11-05T09:18:32+08:00 ] 172.16.4.244 /app/Home/Index/Public/images/581951a6N95cf7d0b.jpg
INFO: [ app_init ] --START--
INFO: Run Behavior\BuildLiteBehavior [ RunTime:0.000000s ]
INFO: [ app_init ] --END-- [ RunTime:0.000500s ]

[ 2016-11-05T09:18:32+08:00 ] 172.16.4.244 /app/Home/Index/Public/images/5819c25dNa4750922.jpg
INFO: [ app_init ] --START--
INFO: Run Behavior\BuildLiteBehavior [ RunTime:0.000000s ]
INFO: [ app_init ] --END-- [ RunTime:0.000500s ]

[ 2016-11-05T09:18:32+08:00 ] 172.16.4.244 /app/Home/Index/Public/images/57ee3c7cN81045255.jpg
INFO: [ app_init ] --START--
INFO: Run Behavior\BuildLiteBehavior [ RunTime:0.000000s ]
INFO: [ app_init ] --END-- [ RunTime:0.002001s ]

[ 2016-11-05T09:18:32+08:00 ] 172.16.4.244 /app/Home/Index/Public/images/55cc09b9N427e5b70.jpg
INFO: [ app_init ] --START--
INFO: Run Behavior\BuildLiteBehavior [ RunTime:0.000000s ]
INFO: [ app_init ] --END-- [ RunTime:0.001500s ]

[ 2016-11-05T09:18:32+08:00 ] 172.16.4.244 /app/Home/Index/Public/images/57ee3c7cN81045255.jpg
INFO: [ app_init ] --START--
INFO: Run Behavior\BuildLiteBehavior [ RunTime:0.000000s ]
INFO: [ app_init ] --END-- [ RunTime:0.002500s ]

[ 2016-11-05T09:18:32+08:00 ] 172.16.4.244 /app/Home/Index/Public/images/57ee3c7cN81045255.jpg
INFO: [ app_init ] --START--
INFO: Run Behavior\BuildLiteBehavior [ RunTime:0.000000s ]
INFO: [ app_init ] --END-- [ RunTime:0.001500s ]

[ 2016-11-05T09:20:07+08:00 ] 172.16.4.244 /app/Home/Index/login?username=123&pwd=123456
INFO: [ app_init ] --START--
INFO: Run Behavior\BuildLiteBehavior [ RunTime:0.000500s ]
INFO: [ app_init ] --END-- [ RunTime:0.000500s ]
INFO: [ app_begin ] --START--
INFO: Run Behavior\ReadHtmlCacheBehavior [ RunTime:0.000500s ]
INFO: [ app_begin ] --END-- [ RunTime:0.000500s ]
SQL: SHOW COLUMNS FROM `user` [ RunTime:0.0340s ]
SQL: SELECT * FROM `user` WHERE `username` = '123' LIMIT 1   [ RunTime:0.0000s ]

[ 2016-11-05T09:20:07+08:00 ] 172.16.4.244 /app/Home/Index/banner?adKind=1
INFO: [ app_init ] --START--
INFO: Run Behavior\BuildLiteBehavior [ RunTime:0.000000s ]
INFO: [ app_init ] --END-- [ RunTime:0.000500s ]
INFO: [ app_begin ] --START--
INFO: Run Behavior\ReadHtmlCacheBehavior [ RunTime:0.001000s ]
INFO: [ app_begin ] --END-- [ RunTime:0.001000s ]
SQL: SHOW COLUMNS FROM `banner` [ RunTime:0.0035s ]
SQL: SELECT `id`,`type`,ad_url as adUrl,web_url as webUrl,ad_kind as adKind FROM `banner` WHERE `ad_kind` = 1  [ RunTime:0.0005s ]

[ 2016-11-05T09:20:07+08:00 ] 172.16.4.244 /app/Home/Index/getYourFav
INFO: [ app_init ] --START--
INFO: Run Behavior\BuildLiteBehavior [ RunTime:0.000000s ]
INFO: [ app_init ] --END-- [ RunTime:0.000500s ]
INFO: [ app_begin ] --START--
INFO: Run Behavior\ReadHtmlCacheBehavior [ RunTime:0.000500s ]
INFO: [ app_begin ] --END-- [ RunTime:0.000500s ]
SQL: SHOW COLUMNS FROM `favorite` [ RunTime:0.0045s ]
SQL: SELECT `price`,`name`,icon_url as iconUrl,product_id as productId FROM `favorite`  [ RunTime:0.0000s ]

[ 2016-11-05T09:20:07+08:00 ] 172.16.4.244 /app/Home/Index/seckill
INFO: [ app_init ] --START--
INFO: Run Behavior\BuildLiteBehavior [ RunTime:0.000000s ]
INFO: [ app_init ] --END-- [ RunTime:0.001000s ]
INFO: [ app_begin ] --START--
INFO: Run Behavior\ReadHtmlCacheBehavior [ RunTime:0.001000s ]
INFO: [ app_begin ] --END-- [ RunTime:0.001000s ]
SQL: SHOW COLUMNS FROM `second_kill` [ RunTime:0.0060s ]
SQL: SELECT `id`,all_price as allPrice,point_price as pointPrice,icon_url as iconUrl,`end_time`,`type`,product_id as productId FROM `second_kill` WHERE `start_time` <= '20161105092007' AND `end_time` >= '20161105092007'  [ RunTime:0.0015s ]

[ 2016-11-05T09:20:07+08:00 ] 172.16.4.244 /app/Home/Index/banner?adKind=2
INFO: [ app_init ] --START--
INFO: Run Behavior\BuildLiteBehavior [ RunTime:0.000000s ]
INFO: [ app_init ] --END-- [ RunTime:0.001000s ]
INFO: [ app_begin ] --START--
INFO: Run Behavior\ReadHtmlCacheBehavior [ RunTime:0.001000s ]
INFO: [ app_begin ] --END-- [ RunTime:0.001000s ]
SQL: SHOW COLUMNS FROM `banner` [ RunTime:0.0035s ]
SQL: SELECT `id`,`type`,ad_url as adUrl,web_url as webUrl,ad_kind as adKind FROM `banner` WHERE `ad_kind` = 2  [ RunTime:0.0015s ]

[ 2016-11-05T09:20:08+08:00 ] 172.16.4.244 /app/Home/Index/Public/images/57ee3c7cN81045255.jpg
INFO: [ app_init ] --START--
INFO: Run Behavior\BuildLiteBehavior [ RunTime:0.000000s ]
INFO: [ app_init ] --END-- [ RunTime:0.000500s ]

[ 2016-11-05T09:20:08+08:00 ] 172.16.4.244 /app/Home/Index/Public/images/58198f9fNb47590af.jpg
INFO: [ app_init ] --START--
INFO: Run Behavior\BuildLiteBehavior [ RunTime:0.000000s ]
INFO: [ app_init ] --END-- [ RunTime:0.001000s ]

[ 2016-11-05T09:20:08+08:00 ] 172.16.4.244 /app/Home/Index/Public/images/5819c25dNa4750922.jpg
INFO: [ app_init ] --START--
INFO: Run Behavior\BuildLiteBehavior [ RunTime:0.000000s ]
INFO: [ app_init ] --END-- [ RunTime:0.001001s ]

[ 2016-11-05T09:20:08+08:00 ] 172.16.4.244 /app/Home/Index/Public/images/57ee3c7cN81045255.jpg
INFO: [ app_init ] --START--
INFO: Run Behavior\BuildLiteBehavior [ RunTime:0.000000s ]
INFO: [ app_init ] --END-- [ RunTime:0.000500s ]

[ 2016-11-05T09:20:08+08:00 ] 172.16.4.244 /app/Home/Index/Public/images/57ee3c7cN81045255.jpg
INFO: [ app_init ] --START--
INFO: Run Behavior\BuildLiteBehavior [ RunTime:0.000000s ]
INFO: [ app_init ] --END-- [ RunTime:0.001001s ]

[ 2016-11-05T09:20:08+08:00 ] 172.16.4.244 /app/Home/Index/Public/images/55cc09b9N427e5b70.jpg
INFO: [ app_init ] --START--
INFO: Run Behavior\BuildLiteBehavior [ RunTime:0.000000s ]
INFO: [ app_init ] --END-- [ RunTime:0.000500s ]

[ 2016-11-05T09:20:08+08:00 ] 172.16.4.244 /app/Home/Index/Public/images/581951a6N95cf7d0b.jpg
INFO: [ app_init ] --START--
INFO: Run Behavior\BuildLiteBehavior [ RunTime:0.000000s ]
INFO: [ app_init ] --END-- [ RunTime:0.000500s ]

[ 2016-11-05T09:21:34+08:00 ] 172.16.4.244 /app/Home/Index/seckill
INFO: [ app_init ] --START--
INFO: Run Behavior\BuildLiteBehavior [ RunTime:0.000000s ]
INFO: [ app_init ] --END-- [ RunTime:0.000500s ]
INFO: [ app_begin ] --START--
INFO: Run Behavior\ReadHtmlCacheBehavior [ RunTime:0.000500s ]
INFO: [ app_begin ] --END-- [ RunTime:0.000500s ]
SQL: SHOW COLUMNS FROM `second_kill` [ RunTime:0.0030s ]
SQL: SELECT `id`,all_price as allPrice,point_price as pointPrice,icon_url as iconUrl,`end_time`,`type`,product_id as productId FROM `second_kill` WHERE `start_time` <= '20161105092134' AND `end_time` >= '20161105092134'  [ RunTime:0.0005s ]

[ 2016-11-05T09:22:07+08:00 ] 172.16.4.244 /app/Home/Index/seckill
INFO: [ app_init ] --START--
INFO: Run Behavior\BuildLiteBehavior [ RunTime:0.000000s ]
INFO: [ app_init ] --END-- [ RunTime:0.000500s ]
INFO: [ app_begin ] --START--
INFO: Run Behavior\ReadHtmlCacheBehavior [ RunTime:0.000500s ]
INFO: [ app_begin ] --END-- [ RunTime:0.000500s ]
SQL: SHOW COLUMNS FROM `second_kill` [ RunTime:0.0025s ]
SQL: SELECT `id`,all_price as allPrice,point_price as pointPrice,icon_url as iconUrl,`end_time`,`type`,product_id as productId FROM `second_kill` WHERE `start_time` <= '20161105092207' AND `end_time` >= '20161105092207'  [ RunTime:0.0005s ]

[ 2016-11-05T09:25:50+08:00 ] 172.16.4.244 /app/index.php
INFO: [ app_init ] --START--
INFO: Run Behavior\BuildLiteBehavior [ RunTime:0.000000s ]
INFO: [ app_init ] --END-- [ RunTime:0.001000s ]
INFO: [ app_begin ] --START--
INFO: Run Behavior\ReadHtmlCacheBehavior [ RunTime:0.000500s ]
INFO: [ app_begin ] --END-- [ RunTime:0.001001s ]
INFO: [ view_parse ] --START--
INFO: Run Behavior\ParseTemplateBehavior [ RunTime:0.022503s ]
INFO: [ view_parse ] --END-- [ RunTime:0.022503s ]
INFO: [ view_filter ] --START--
INFO: Run Behavior\WriteHtmlCacheBehavior [ RunTime:0.011501s ]
INFO: [ view_filter ] --END-- [ RunTime:0.011501s ]
INFO: [ app_end ] --START--
INFO: Run Behavior\ShowPageTraceBehavior [ RunTime:0.001500s ]
INFO: [ app_end ] --END-- [ RunTime:0.001500s ]

[ 2016-11-05T09:41:08+08:00 ] 172.16.4.244 /app/index.php
INFO: [ app_init ] --START--
INFO: Run Behavior\BuildLiteBehavior [ RunTime:0.000000s ]
INFO: [ app_init ] --END-- [ RunTime:0.001000s ]
INFO: [ app_begin ] --START--
INFO: Run Behavior\ReadHtmlCacheBehavior [ RunTime:0.001000s ]
INFO: [ app_begin ] --END-- [ RunTime:0.001000s ]
INFO: [ view_parse ] --START--
INFO: Run Behavior\ParseTemplateBehavior [ RunTime:0.000000s ]
INFO: [ view_parse ] --END-- [ RunTime:0.000500s ]
INFO: [ view_filter ] --START--
INFO: Run Behavior\WriteHtmlCacheBehavior [ RunTime:0.000500s ]
INFO: [ view_filter ] --END-- [ RunTime:0.000500s ]
INFO: [ app_end ] --START--
INFO: Run Behavior\ShowPageTraceBehavior [ RunTime:0.000500s ]
INFO: [ app_end ] --END-- [ RunTime:0.001000s ]

[ 2016-11-05T09:53:52+08:00 ] 127.0.0.1 /app/index.php/Home/Index/
INFO: [ app_init ] --START--
INFO: Run Behavior\BuildLiteBehavior [ RunTime:0.000000s ]
INFO: [ app_init ] --END-- [ RunTime:0.000500s ]
INFO: [ app_begin ] --START--
INFO: Run Behavior\ReadHtmlCacheBehavior [ RunTime:0.001000s ]
INFO: [ app_begin ] --END-- [ RunTime:0.001000s ]
INFO: [ view_parse ] --START--
INFO: Run Behavior\ParseTemplateBehavior [ RunTime:0.000500s ]
INFO: [ view_parse ] --END-- [ RunTime:0.000500s ]
INFO: [ view_filter ] --START--
INFO: Run Behavior\WriteHtmlCacheBehavior [ RunTime:0.000500s ]
INFO: [ view_filter ] --END-- [ RunTime:0.000500s ]
INFO: [ app_end ] --START--
INFO: Run Behavior\ShowPageTraceBehavior [ RunTime:0.000500s ]
INFO: [ app_end ] --END-- [ RunTime:0.000500s ]

[ 2016-11-05T09:53:58+08:00 ] 127.0.0.1 /app/index.php/Home/Index/login
INFO: [ app_init ] --START--
INFO: Run Behavior\BuildLiteBehavior [ RunTime:0.000000s ]
INFO: [ app_init ] --END-- [ RunTime:0.000500s ]
INFO: [ app_begin ] --START--
INFO: Run Behavior\ReadHtmlCacheBehavior [ RunTime:0.000500s ]
INFO: [ app_begin ] --END-- [ RunTime:0.001000s ]
ERR: 参数错误或者未定义:username

[ 2016-11-05T09:58:02+08:00 ] 127.0.0.1 /app/login?username=123&pwd=123456
INFO: [ app_init ] --START--
INFO: Run Behavior\BuildLiteBehavior [ RunTime:0.000000s ]
INFO: [ app_init ] --END-- [ RunTime:0.000500s ]
INFO: [ app_begin ] --START--
INFO: Run Behavior\ReadHtmlCacheBehavior [ RunTime:0.000500s ]
INFO: [ app_begin ] --END-- [ RunTime:0.000500s ]
SQL: SHOW COLUMNS FROM `user` [ RunTime:0.0305s ]
SQL: SELECT * FROM `user` WHERE `username` = '123' LIMIT 1   [ RunTime:0.0000s ]

[ 2016-11-05T09:58:08+08:00 ] 172.16.4.244 /app/login?username=123&pwd=123456
INFO: [ app_init ] --START--
INFO: Run Behavior\BuildLiteBehavior [ RunTime:0.000000s ]
INFO: [ app_init ] --END-- [ RunTime:0.001000s ]
INFO: [ app_begin ] --START--
INFO: Run Behavior\ReadHtmlCacheBehavior [ RunTime:0.001000s ]
INFO: [ app_begin ] --END-- [ RunTime:0.001000s ]
SQL: SHOW COLUMNS FROM `user` [ RunTime:0.0020s ]
SQL: SELECT * FROM `user` WHERE `username` = '123' LIMIT 1   [ RunTime:0.0005s ]

[ 2016-11-05T09:58:08+08:00 ] 172.16.4.244 /app/banner?adKind=1
INFO: [ app_init ] --START--
INFO: Run Behavior\BuildLiteBehavior [ RunTime:0.000000s ]
INFO: [ app_init ] --END-- [ RunTime:0.000500s ]
INFO: [ app_begin ] --START--
INFO: Run Behavior\ReadHtmlCacheBehavior [ RunTime:0.000500s ]
INFO: [ app_begin ] --END-- [ RunTime:0.001000s ]
SQL: SHOW COLUMNS FROM `banner` [ RunTime:0.0325s ]
SQL: SELECT `id`,`type`,ad_url as adUrl,web_url as webUrl,ad_kind as adKind FROM `banner` WHERE `ad_kind` = 1  [ RunTime:0.0005s ]

[ 2016-11-05T09:58:08+08:00 ] 172.16.4.244 /app/banner?adKind=2
INFO: [ app_init ] --START--
INFO: Run Behavior\BuildLiteBehavior [ RunTime:0.000000s ]
INFO: [ app_init ] --END-- [ RunTime:0.000500s ]
INFO: [ app_begin ] --START--
INFO: Run Behavior\ReadHtmlCacheBehavior [ RunTime:0.001000s ]
INFO: [ app_begin ] --END-- [ RunTime:0.001000s ]
SQL: SHOW COLUMNS FROM `banner` [ RunTime:0.0325s ]
SQL: SELECT `id`,`type`,ad_url as adUrl,web_url as webUrl,ad_kind as adKind FROM `banner` WHERE `ad_kind` = 2  [ RunTime:0.0005s ]

[ 2016-11-05T09:58:08+08:00 ] 172.16.4.244 /app/getYourFav
INFO: [ app_init ] --START--
INFO: Run Behavior\BuildLiteBehavior [ RunTime:0.000000s ]
INFO: [ app_init ] --END-- [ RunTime:0.001001s ]
INFO: [ app_begin ] --START--
INFO: Run Behavior\ReadHtmlCacheBehavior [ RunTime:0.001000s ]
INFO: [ app_begin ] --END-- [ RunTime:0.001000s ]
SQL: SHOW COLUMNS FROM `favorite` [ RunTime:0.0450s ]
SQL: SELECT `price`,`name`,icon_url as iconUrl,product_id as productId FROM `favorite`  [ RunTime:0.0005s ]

[ 2016-11-05T09:58:08+08:00 ] 172.16.4.244 /app/seckill
INFO: [ app_init ] --START--
INFO: Run Behavior\BuildLiteBehavior [ RunTime:0.000000s ]
INFO: [ app_init ] --END-- [ RunTime:0.001000s ]
INFO: [ app_begin ] --START--
INFO: Run Behavior\ReadHtmlCacheBehavior [ RunTime:0.001500s ]
INFO: [ app_begin ] --END-- [ RunTime:0.001500s ]
SQL: SHOW COLUMNS FROM `second_kill` [ RunTime:0.0215s ]
SQL: SELECT `id`,all_price as allPrice,point_price as pointPrice,icon_url as iconUrl,`end_time`,`type`,product_id as productId FROM `second_kill` WHERE `start_time` <= '20161105095808' AND `end_time` >= '20161105095808'  [ RunTime:0.0010s ]

[ 2016-11-05T09:58:26+08:00 ] 172.16.4.244 /app/banner?adKind=1
INFO: [ app_init ] --START--
INFO: Run Behavior\BuildLiteBehavior [ RunTime:0.000000s ]
INFO: [ app_init ] --END-- [ RunTime:0.000500s ]
INFO: [ app_begin ] --START--
INFO: Run Behavior\ReadHtmlCacheBehavior [ RunTime:0.000500s ]
INFO: [ app_begin ] --END-- [ RunTime:0.001000s ]
SQL: SHOW COLUMNS FROM `banner` [ RunTime:0.0720s ]
SQL: SELECT `id`,`type`,ad_url as adUrl,web_url as webUrl,ad_kind as adKind FROM `banner` WHERE `ad_kind` = 1  [ RunTime:0.0010s ]

[ 2016-11-05T09:58:26+08:00 ] 172.16.4.244 /app/banner?adKind=2
INFO: [ app_init ] --START--
INFO: Run Behavior\BuildLiteBehavior [ RunTime:0.000000s ]
INFO: [ app_init ] --END-- [ RunTime:0.002500s ]
INFO: [ app_begin ] --START--
INFO: Run Behavior\ReadHtmlCacheBehavior [ RunTime:0.000500s ]
INFO: [ app_begin ] --END-- [ RunTime:0.000500s ]
SQL: SHOW COLUMNS FROM `banner` [ RunTime:0.0355s ]
SQL: SELECT `id`,`type`,ad_url as adUrl,web_url as webUrl,ad_kind as adKind FROM `banner` WHERE `ad_kind` = 2  [ RunTime:0.0005s ]

[ 2016-11-05T09:58:26+08:00 ] 172.16.4.244 /app/seckill
INFO: [ app_init ] --START--
INFO: Run Behavior\BuildLiteBehavior [ RunTime:0.000000s ]
INFO: [ app_init ] --END-- [ RunTime:0.001001s ]
INFO: [ app_begin ] --START--
INFO: Run Behavior\ReadHtmlCacheBehavior [ RunTime:0.002000s ]
INFO: [ app_begin ] --END-- [ RunTime:0.002000s ]
SQL: SHOW COLUMNS FROM `second_kill` [ RunTime:0.0080s ]
SQL: SELECT `id`,all_price as allPrice,point_price as pointPrice,icon_url as iconUrl,`end_time`,`type`,product_id as productId FROM `second_kill` WHERE `start_time` <= '20161105095826' AND `end_time` >= '20161105095826'  [ RunTime:0.0010s ]

[ 2016-11-05T09:58:26+08:00 ] 172.16.4.244 /app/seckill
INFO: [ app_init ] --START--
INFO: Run Behavior\BuildLiteBehavior [ RunTime:0.000000s ]
INFO: [ app_init ] --END-- [ RunTime:0.000500s ]
INFO: [ app_begin ] --START--
INFO: Run Behavior\ReadHtmlCacheBehavior [ RunTime:0.001000s ]
INFO: [ app_begin ] --END-- [ RunTime:0.001000s ]
SQL: SHOW COLUMNS FROM `second_kill` [ RunTime:0.0030s ]
SQL: SELECT `id`,all_price as allPrice,point_price as pointPrice,icon_url as iconUrl,`end_time`,`type`,product_id as productId FROM `second_kill` WHERE `start_time` <= '20161105095826' AND `end_time` >= '20161105095826'  [ RunTime:0.0025s ]

[ 2016-11-05T09:58:26+08:00 ] 172.16.4.244 /app/banner?adKind=1
INFO: [ app_init ] --START--
INFO: Run Behavior\BuildLiteBehavior [ RunTime:0.000000s ]
INFO: [ app_init ] --END-- [ RunTime:0.001000s ]
INFO: [ app_begin ] --START--
INFO: Run Behavior\ReadHtmlCacheBehavior [ RunTime:0.012502s ]
INFO: [ app_begin ] --END-- [ RunTime:0.012502s ]
SQL: SHOW COLUMNS FROM `banner` [ RunTime:0.0040s ]
SQL: SELECT `id`,`type`,ad_url as adUrl,web_url as webUrl,ad_kind as adKind FROM `banner` WHERE `ad_kind` = 1  [ RunTime:0.0005s ]

[ 2016-11-05T09:58:26+08:00 ] 172.16.4.244 /app/getYourFav
INFO: [ app_init ] --START--
INFO: Run Behavior\BuildLiteBehavior [ RunTime:0.000000s ]
INFO: [ app_init ] --END-- [ RunTime:0.013002s ]
INFO: [ app_begin ] --START--
INFO: Run Behavior\ReadHtmlCacheBehavior [ RunTime:0.000500s ]
INFO: [ app_begin ] --END-- [ RunTime:0.000500s ]
SQL: SHOW COLUMNS FROM `favorite` [ RunTime:0.0110s ]
SQL: SELECT `price`,`name`,icon_url as iconUrl,product_id as productId FROM `favorite`  [ RunTime:0.0010s ]

[ 2016-11-05T09:58:26+08:00 ] 172.16.4.244 /app/getYourFav
INFO: [ app_init ] --START--
INFO: Run Behavior\BuildLiteBehavior [ RunTime:0.000000s ]
INFO: [ app_init ] --END-- [ RunTime:0.000500s ]
INFO: [ app_begin ] --START--
INFO: Run Behavior\ReadHtmlCacheBehavior [ RunTime:0.011502s ]
INFO: [ app_begin ] --END-- [ RunTime:0.011502s ]
SQL: SHOW COLUMNS FROM `favorite` [ RunTime:0.0055s ]
SQL: SELECT `price`,`name`,icon_url as iconUrl,product_id as productId FROM `favorite`  [ RunTime:0.0025s ]

[ 2016-11-05T09:58:26+08:00 ] 172.16.4.244 /app/banner?adKind=2
INFO: [ app_init ] --START--
INFO: Run Behavior\BuildLiteBehavior [ RunTime:0.000000s ]
INFO: [ app_init ] --END-- [ RunTime:0.001001s ]
INFO: [ app_begin ] --START--
INFO: Run Behavior\ReadHtmlCacheBehavior [ RunTime:0.001500s ]
INFO: [ app_begin ] --END-- [ RunTime:0.001500s ]
SQL: SHOW COLUMNS FROM `banner` [ RunTime:0.0480s ]
SQL: SELECT `id`,`type`,ad_url as adUrl,web_url as webUrl,ad_kind as adKind FROM `banner` WHERE `ad_kind` = 2  [ RunTime:0.0015s ]

[ 2016-11-05T09:59:25+08:00 ] 127.0.0.1 /app/login?username=123&pwd=123456
INFO: [ app_init ] --START--
INFO: Run Behavior\BuildLiteBehavior [ RunTime:0.000000s ]
INFO: [ app_init ] --END-- [ RunTime:0.001000s ]
INFO: [ app_begin ] --START--
INFO: Run Behavior\ReadHtmlCacheBehavior [ RunTime:0.001000s ]
INFO: [ app_begin ] --END-- [ RunTime:0.001000s ]
SQL: SHOW COLUMNS FROM `user` [ RunTime:0.0035s ]
SQL: SELECT * FROM `user` WHERE `username` = '123' LIMIT 1   [ RunTime:0.0005s ]

[ 2016-11-05T09:59:32+08:00 ] 127.0.0.1 /app/seckill
INFO: [ app_init ] --START--
INFO: Run Behavior\BuildLiteBehavior [ RunTime:0.000000s ]
INFO: [ app_init ] --END-- [ RunTime:0.000500s ]
INFO: [ app_begin ] --START--
INFO: Run Behavior\ReadHtmlCacheBehavior [ RunTime:0.001000s ]
INFO: [ app_begin ] --END-- [ RunTime:0.001000s ]
SQL: SHOW COLUMNS FROM `second_kill` [ RunTime:0.0020s ]
SQL: SELECT `id`,all_price as allPrice,point_price as pointPrice,icon_url as iconUrl,`end_time`,`type`,product_id as productId FROM `second_kill` WHERE `start_time` <= '20161105095932' AND `end_time` >= '20161105095932'  [ RunTime:0.0005s ]

[ 2016-11-05T10:03:41+08:00 ] 172.16.4.244 /app/login?username=123&pwd=123456
INFO: [ app_init ] --START--
INFO: Run Behavior\BuildLiteBehavior [ RunTime:0.000000s ]
INFO: [ app_init ] --END-- [ RunTime:0.000500s ]
INFO: [ app_begin ] --START--
INFO: Run Behavior\ReadHtmlCacheBehavior [ RunTime:0.001000s ]
INFO: [ app_begin ] --END-- [ RunTime:0.001000s ]
SQL: SHOW COLUMNS FROM `user` [ RunTime:0.0025s ]
SQL: SELECT * FROM `user` WHERE `username` = '123' LIMIT 1   [ RunTime:0.0005s ]

[ 2016-11-05T10:03:41+08:00 ] 172.16.4.244 /app/banner?adKind=1
INFO: [ app_init ] --START--
INFO: Run Behavior\BuildLiteBehavior [ RunTime:0.000000s ]
INFO: [ app_init ] --END-- [ RunTime:0.000500s ]
INFO: [ app_begin ] --START--
INFO: Run Behavior\ReadHtmlCacheBehavior [ RunTime:0.001000s ]
INFO: [ app_begin ] --END-- [ RunTime:0.001000s ]
SQL: SHOW COLUMNS FROM `banner` [ RunTime:0.0035s ]
SQL: SELECT `id`,`type`,ad_url as adUrl,web_url as webUrl,ad_kind as adKind FROM `banner` WHERE `ad_kind` = 1  [ RunTime:0.0005s ]

[ 2016-11-05T10:03:41+08:00 ] 172.16.4.244 /app/banner?adKind=2
INFO: [ app_init ] --START--
INFO: Run Behavior\BuildLiteBehavior [ RunTime:0.000000s ]
INFO: [ app_init ] --END-- [ RunTime:0.000500s ]
INFO: [ app_begin ] --START--
INFO: Run Behavior\ReadHtmlCacheBehavior [ RunTime:0.001501s ]
INFO: [ app_begin ] --END-- [ RunTime:0.001501s ]
SQL: SHOW COLUMNS FROM `banner` [ RunTime:0.0025s ]
SQL: SELECT `id`,`type`,ad_url as adUrl,web_url as webUrl,ad_kind as adKind FROM `banner` WHERE `ad_kind` = 2  [ RunTime:0.0005s ]

[ 2016-11-05T10:03:42+08:00 ] 172.16.4.244 /app/getYourFav
INFO: [ app_init ] --START--
INFO: Run Behavior\BuildLiteBehavior [ RunTime:0.000000s ]
INFO: [ app_init ] --END-- [ RunTime:0.001000s ]
INFO: [ app_begin ] --START--
INFO: Run Behavior\ReadHtmlCacheBehavior [ RunTime:0.001000s ]
INFO: [ app_begin ] --END-- [ RunTime:0.001000s ]
SQL: SHOW COLUMNS FROM `favorite` [ RunTime:0.0070s ]
SQL: SELECT `price`,`name`,icon_url as iconUrl,product_id as productId FROM `favorite`  [ RunTime:0.0005s ]

[ 2016-11-05T10:03:42+08:00 ] 172.16.4.244 /app/seckill
INFO: [ app_init ] --START--
INFO: Run Behavior\BuildLiteBehavior [ RunTime:0.000000s ]
INFO: [ app_init ] --END-- [ RunTime:0.001500s ]
INFO: [ app_begin ] --START--
INFO: Run Behavior\ReadHtmlCacheBehavior [ RunTime:0.002001s ]
INFO: [ app_begin ] --END-- [ RunTime:0.002001s ]
SQL: SHOW COLUMNS FROM `second_kill` [ RunTime:0.0070s ]
SQL: SELECT `id`,all_price as allPrice,point_price as pointPrice,icon_url as iconUrl,`end_time`,`type`,product_id as productId FROM `second_kill` WHERE `start_time` <= '20161105100342' AND `end_time` >= '20161105100342'  [ RunTime:0.0010s ]

[ 2016-11-05T10:03:58+08:00 ] 172.16.4.244 /app/login?username=123&pwd=123456
INFO: [ app_init ] --START--
INFO: Run Behavior\BuildLiteBehavior [ RunTime:0.000000s ]
INFO: [ app_init ] --END-- [ RunTime:0.000500s ]
INFO: [ app_begin ] --START--
INFO: Run Behavior\ReadHtmlCacheBehavior [ RunTime:0.000500s ]
INFO: [ app_begin ] --END-- [ RunTime:0.000500s ]
SQL: SHOW COLUMNS FROM `user` [ RunTime:0.0030s ]
SQL: SELECT * FROM `user` WHERE `username` = '123' LIMIT 1   [ RunTime:0.0010s ]

[ 2016-11-05T10:03:58+08:00 ] 172.16.4.244 /app/banner?adKind=1
INFO: [ app_init ] --START--
INFO: Run Behavior\BuildLiteBehavior [ RunTime:0.000000s ]
INFO: [ app_init ] --END-- [ RunTime:0.000500s ]
INFO: [ app_begin ] --START--
INFO: Run Behavior\ReadHtmlCacheBehavior [ RunTime:0.002000s ]
INFO: [ app_begin ] --END-- [ RunTime:0.002000s ]
SQL: SHOW COLUMNS FROM `banner` [ RunTime:0.0030s ]
SQL: SELECT `id`,`type`,ad_url as adUrl,web_url as webUrl,ad_kind as adKind FROM `banner` WHERE `ad_kind` = 1  [ RunTime:0.0010s ]

[ 2016-11-05T10:03:58+08:00 ] 172.16.4.244 /app/seckill
INFO: [ app_init ] --START--
INFO: Run Behavior\BuildLiteBehavior [ RunTime:0.000000s ]
INFO: [ app_init ] --END-- [ RunTime:0.000500s ]
INFO: [ app_begin ] --START--
INFO: Run Behavior\ReadHtmlCacheBehavior [ RunTime:0.000500s ]
INFO: [ app_begin ] --END-- [ RunTime:0.000500s ]
SQL: SHOW COLUMNS FROM `second_kill` [ RunTime:0.0050s ]
SQL: SELECT `id`,all_price as allPrice,point_price as pointPrice,icon_url as iconUrl,`end_time`,`type`,product_id as productId FROM `second_kill` WHERE `start_time` <= '20161105100358' AND `end_time` >= '20161105100358'  [ RunTime:0.0015s ]

[ 2016-11-05T10:03:58+08:00 ] 172.16.4.244 /app/banner?adKind=2
INFO: [ app_init ] --START--
INFO: Run Behavior\BuildLiteBehavior [ RunTime:0.000000s ]
INFO: [ app_init ] --END-- [ RunTime:0.000500s ]
INFO: [ app_begin ] --START--
INFO: Run Behavior\ReadHtmlCacheBehavior [ RunTime:0.001000s ]
INFO: [ app_begin ] --END-- [ RunTime:0.001000s ]
SQL: SHOW COLUMNS FROM `banner` [ RunTime:0.0260s ]
SQL: SELECT `id`,`type`,ad_url as adUrl,web_url as webUrl,ad_kind as adKind FROM `banner` WHERE `ad_kind` = 2  [ RunTime:0.0005s ]

[ 2016-11-05T10:03:58+08:00 ] 172.16.4.244 /app/getYourFav
INFO: [ app_init ] --START--
INFO: Run Behavior\BuildLiteBehavior [ RunTime:0.000000s ]
INFO: [ app_init ] --END-- [ RunTime:0.000000s ]
INFO: [ app_begin ] --START--
INFO: Run Behavior\ReadHtmlCacheBehavior [ RunTime:0.000500s ]
INFO: [ app_begin ] --END-- [ RunTime:0.000500s ]
SQL: SHOW COLUMNS FROM `favorite` [ RunTime:0.0020s ]
SQL: SELECT `price`,`name`,icon_url as iconUrl,product_id as productId FROM `favorite`  [ RunTime:0.0005s ]

[ 2016-11-05T10:04:13+08:00 ] 172.16.4.244 /app/login?username=123&pwd=123456
INFO: [ app_init ] --START--
INFO: Run Behavior\BuildLiteBehavior [ RunTime:0.000000s ]
INFO: [ app_init ] --END-- [ RunTime:0.000500s ]
INFO: [ app_begin ] --START--
INFO: Run Behavior\ReadHtmlCacheBehavior [ RunTime:0.000500s ]
INFO: [ app_begin ] --END-- [ RunTime:0.000500s ]
SQL: SHOW COLUMNS FROM `user` [ RunTime:0.0035s ]
SQL: SELECT * FROM `user` WHERE `username` = '123' LIMIT 1   [ RunTime:0.0015s ]

[ 2016-11-05T10:04:13+08:00 ] 172.16.4.244 /app/getYourFav
INFO: [ app_init ] --START--
INFO: Run Behavior\BuildLiteBehavior [ RunTime:0.000000s ]
INFO: [ app_init ] --END-- [ RunTime:0.000000s ]
INFO: [ app_begin ] --START--
INFO: Run Behavior\ReadHtmlCacheBehavior [ RunTime:0.000500s ]
INFO: [ app_begin ] --END-- [ RunTime:0.000500s ]
SQL: SHOW COLUMNS FROM `favorite` [ RunTime:0.0040s ]
SQL: SELECT `price`,`name`,icon_url as iconUrl,product_id as productId FROM `favorite`  [ RunTime:0.0005s ]

[ 2016-11-05T10:04:14+08:00 ] 172.16.4.244 /app/banner?adKind=2
INFO: [ app_init ] --START--
INFO: Run Behavior\BuildLiteBehavior [ RunTime:0.000000s ]
INFO: [ app_init ] --END-- [ RunTime:0.001000s ]
INFO: [ app_begin ] --START--
INFO: Run Behavior\ReadHtmlCacheBehavior [ RunTime:0.000500s ]
INFO: [ app_begin ] --END-- [ RunTime:0.000500s ]
SQL: SHOW COLUMNS FROM `banner` [ RunTime:0.0050s ]
SQL: SELECT `id`,`type`,ad_url as adUrl,web_url as webUrl,ad_kind as adKind FROM `banner` WHERE `ad_kind` = 2  [ RunTime:0.0005s ]

[ 2016-11-05T10:04:14+08:00 ] 172.16.4.244 /app/seckill
INFO: [ app_init ] --START--
INFO: Run Behavior\BuildLiteBehavior [ RunTime:0.000000s ]
INFO: [ app_init ] --END-- [ RunTime:0.001000s ]
INFO: [ app_begin ] --START--
INFO: Run Behavior\ReadHtmlCacheBehavior [ RunTime:0.001000s ]
INFO: [ app_begin ] --END-- [ RunTime:0.001000s ]
SQL: SHOW COLUMNS FROM `second_kill` [ RunTime:0.0050s ]
SQL: SELECT `id`,all_price as allPrice,point_price as pointPrice,icon_url as iconUrl,`end_time`,`type`,product_id as productId FROM `second_kill` WHERE `start_time` <= '20161105100413' AND `end_time` >= '20161105100413'  [ RunTime:0.0005s ]

[ 2016-11-05T10:04:14+08:00 ] 172.16.4.244 /app/banner?adKind=1
INFO: [ app_init ] --START--
INFO: Run Behavior\BuildLiteBehavior [ RunTime:0.000500s ]
INFO: [ app_init ] --END-- [ RunTime:0.001000s ]
INFO: [ app_begin ] --START--
INFO: Run Behavior\ReadHtmlCacheBehavior [ RunTime:0.000500s ]
INFO: [ app_begin ] --END-- [ RunTime:0.000500s ]
SQL: SHOW COLUMNS FROM `banner` [ RunTime:0.0030s ]
SQL: SELECT `id`,`type`,ad_url as adUrl,web_url as webUrl,ad_kind as adKind FROM `banner` WHERE `ad_kind` = 1  [ RunTime:0.0005s ]

[ 2016-11-05T10:05:05+08:00 ] 172.16.4.244 /app/login?username=123&pwd=123456
INFO: [ app_init ] --START--
INFO: Run Behavior\BuildLiteBehavior [ RunTime:0.000000s ]
INFO: [ app_init ] --END-- [ RunTime:0.000500s ]
INFO: [ app_begin ] --START--
INFO: Run Behavior\ReadHtmlCacheBehavior [ RunTime:0.000500s ]
INFO: [ app_begin ] --END-- [ RunTime:0.000500s ]
SQL: SHOW COLUMNS FROM `user` [ RunTime:0.0020s ]
SQL: SELECT * FROM `user` WHERE `username` = '123' LIMIT 1   [ RunTime:0.0005s ]

[ 2016-11-05T10:05:05+08:00 ] 172.16.4.244 /app/banner?adKind=1
INFO: [ app_init ] --START--
INFO: Run Behavior\BuildLiteBehavior [ RunTime:0.000000s ]
INFO: [ app_init ] --END-- [ RunTime:0.002001s ]
INFO: [ app_begin ] --START--
INFO: Run Behavior\ReadHtmlCacheBehavior [ RunTime:0.001500s ]
INFO: [ app_begin ] --END-- [ RunTime:0.001500s ]
SQL: SHOW COLUMNS FROM `banner` [ RunTime:0.0020s ]
SQL: SELECT `id`,`type`,ad_url as adUrl,web_url as webUrl,ad_kind as adKind FROM `banner` WHERE `ad_kind` = 1  [ RunTime:0.0005s ]

[ 2016-11-05T10:05:05+08:00 ] 172.16.4.244 /app/getYourFav
INFO: [ app_init ] --START--
INFO: Run Behavior\BuildLiteBehavior [ RunTime:0.000000s ]
INFO: [ app_init ] --END-- [ RunTime:0.000500s ]
INFO: [ app_begin ] --START--
INFO: Run Behavior\ReadHtmlCacheBehavior [ RunTime:0.003001s ]
INFO: [ app_begin ] --END-- [ RunTime:0.003001s ]
SQL: SHOW COLUMNS FROM `favorite` [ RunTime:0.0025s ]
SQL: SELECT `price`,`name`,icon_url as iconUrl,product_id as productId FROM `favorite`  [ RunTime:0.0000s ]

[ 2016-11-05T10:05:05+08:00 ] 172.16.4.244 /app/seckill
INFO: [ app_init ] --START--
INFO: Run Behavior\BuildLiteBehavior [ RunTime:0.000000s ]
INFO: [ app_init ] --END-- [ RunTime:0.000501s ]
INFO: [ app_begin ] --START--
INFO: Run Behavior\ReadHtmlCacheBehavior [ RunTime:0.000500s ]
INFO: [ app_begin ] --END-- [ RunTime:0.000500s ]
SQL: SHOW COLUMNS FROM `second_kill` [ RunTime:0.0035s ]
SQL: SELECT `id`,all_price as allPrice,point_price as pointPrice,icon_url as iconUrl,`end_time`,`type`,product_id as productId FROM `second_kill` WHERE `start_time` <= '20161105100505' AND `end_time` >= '20161105100505'  [ RunTime:0.0030s ]

[ 2016-11-05T10:05:05+08:00 ] 172.16.4.244 /app/banner?adKind=2
INFO: [ app_init ] --START--
INFO: Run Behavior\BuildLiteBehavior [ RunTime:0.000000s ]
INFO: [ app_init ] --END-- [ RunTime:0.000500s ]
INFO: [ app_begin ] --START--
INFO: Run Behavior\ReadHtmlCacheBehavior [ RunTime:0.000500s ]
INFO: [ app_begin ] --END-- [ RunTime:0.001000s ]
SQL: SHOW COLUMNS FROM `banner` [ RunTime:0.0055s ]
SQL: SELECT `id`,`type`,ad_url as adUrl,web_url as webUrl,ad_kind as adKind FROM `banner` WHERE `ad_kind` = 2  [ RunTime:0.0005s ]

[ 2016-11-05T10:05:23+08:00 ] 172.16.4.244 /app/productInfo?id=99
INFO: [ app_init ] --START--
INFO: Run Behavior\BuildLiteBehavior [ RunTime:0.000000s ]
INFO: [ app_init ] --END-- [ RunTime:0.000500s ]
INFO: [ app_begin ] --START--
INFO: Run Behavior\ReadHtmlCacheBehavior [ RunTime:0.000500s ]
INFO: [ app_begin ] --END-- [ RunTime:0.000500s ]
ERR: 非法操作:productInfo

[ 2016-11-05T10:05:23+08:00 ] 172.16.4.244 /app/productComment?type=1&startIndex=0&endIndex=10&productId=99
INFO: [ app_init ] --START--
INFO: Run Behavior\BuildLiteBehavior [ RunTime:0.000000s ]
INFO: [ app_init ] --END-- [ RunTime:0.000500s ]
INFO: [ app_begin ] --START--
INFO: Run Behavior\ReadHtmlCacheBehavior [ RunTime:0.000500s ]
INFO: [ app_begin ] --END-- [ RunTime:0.000500s ]
ERR: 非法操作:productComment

[ 2016-11-05T14:15:36+08:00 ] 127.0.0.1 /
INFO: [ app_init ] --START--
INFO: Run Behavior\BuildLiteBehavior [ RunTime:0.000000s ]
INFO: [ app_init ] --END-- [ RunTime:0.001000s ]
INFO: [ app_begin ] --START--
INFO: Run Behavior\ReadHtmlCacheBehavior [ RunTime:0.001000s ]
INFO: [ app_begin ] --END-- [ RunTime:0.001000s ]
INFO: [ view_parse ] --START--
INFO: Run Behavior\ParseTemplateBehavior [ RunTime:0.000000s ]
INFO: [ view_parse ] --END-- [ RunTime:0.000000s ]
INFO: [ view_filter ] --START--
INFO: Run Behavior\WriteHtmlCacheBehavior [ RunTime:0.001000s ]
INFO: [ view_filter ] --END-- [ RunTime:0.001000s ]
INFO: [ app_end ] --START--
INFO: Run Behavior\ShowPageTraceBehavior [ RunTime:0.001000s ]
INFO: [ app_end ] --END-- [ RunTime:0.001000s ]

[ 2016-11-05T14:15:38+08:00 ] 127.0.0.1 /
INFO: [ app_init ] --START--
INFO: Run Behavior\BuildLiteBehavior [ RunTime:0.000000s ]
INFO: [ app_init ] --END-- [ RunTime:0.000000s ]
INFO: [ app_begin ] --START--
INFO: Run Behavior\ReadHtmlCacheBehavior [ RunTime:0.001000s ]
INFO: [ app_begin ] --END-- [ RunTime:0.001000s ]
INFO: [ view_parse ] --START--
INFO: Run Behavior\ParseTemplateBehavior [ RunTime:0.001000s ]
INFO: [ view_parse ] --END-- [ RunTime:0.001000s ]
INFO: [ view_filter ] --START--
INFO: Run Behavior\WriteHtmlCacheBehavior [ RunTime:0.000000s ]
INFO: [ view_filter ] --END-- [ RunTime:0.000000s ]
INFO: [ app_end ] --START--
INFO: Run Behavior\ShowPageTraceBehavior [ RunTime:0.001000s ]
INFO: [ app_end ] --END-- [ RunTime:0.001000s ]

