[ 2016-11-17T19:10:53+08:00 ] 127.0.0.1 /Member
INFO: [ app_init ] --START--
INFO: Run Behavior\BuildLiteBehavior [ RunTime:0.000000s ]
INFO: [ app_init ] --END-- [ RunTime:0.001000s ]
INFO: [ app_begin ] --START--
INFO: Run Behavior\ReadHtmlCacheBehavior [ RunTime:0.002000s ]
INFO: [ app_begin ] --END-- [ RunTime:0.002000s ]
ERR: 无法加载控制器:Member

[ 2016-11-17T19:10:53+08:00 ] 127.0.0.1 /favicon.ico
INFO: [ app_init ] --START--
INFO: Run Behavior\BuildLiteBehavior [ RunTime:0.000000s ]
INFO: [ app_init ] --END-- [ RunTime:0.000000s ]

[ 2016-11-17T19:11:08+08:00 ] 127.0.0.1 /goods
INFO: [ app_init ] --START--
INFO: Run Behavior\BuildLiteBehavior [ RunTime:0.000000s ]
INFO: [ app_init ] --END-- [ RunTime:0.000000s ]
INFO: [ app_begin ] --START--
INFO: Run Behavior\ReadHtmlCacheBehavior [ RunTime:0.000000s ]
INFO: [ app_begin ] --END-- [ RunTime:0.001000s ]
INFO: [ action_begin ] --START--
SQL: SHOW COLUMNS FROM `shop_admin` [ RunTime:0.0600s ]
SQL: SELECT * FROM `shop_admin` WHERE `id` = 10 AND `token` <> '' LIMIT 1   [ RunTime:0.0020s ]
SQL: UPDATE `shop_admin` SET `token`='DPdkrZYoQTOVzcNaDXrkLGuHbkawUEmf' WHERE `id` = 10 [ RunTime:0.0860s ]
SQL: SHOW COLUMNS FROM `shop_admin_role` [ RunTime:0.0360s ]
SQL: SELECT p.id,`path` FROM shop_admin_role ar INNER JOIN shop_role_permission as rp using(`role_id`) INNER JOIN shop_permission as p ON rp.`permission_id`=p.`id`  WHERE ar.admin_id = '10'  [ RunTime:0.0400s ]
INFO: Run \Common\Behaviors\CheckPermissionBehavior [ RunTime:0.594034s ]
INFO: [ action_begin ] --END-- [ RunTime:0.595034s ]
SQL: SHOW COLUMNS FROM `shop_goods` [ RunTime:0.0440s ]
SQL: SELECT COUNT(*) AS tp_count FROM `shop_goods` LIMIT 1   [ RunTime:0.0010s ]
SQL: SELECT * FROM `shop_goods` ORDER BY sort LIMIT 0,3   [ RunTime:0.0010s ]
SQL: SHOW COLUMNS FROM `shop_goods_category` [ RunTime:0.0210s ]
SQL: SELECT * FROM `shop_goods_category` ORDER BY lft  [ RunTime:0.0010s ]
SQL: SHOW COLUMNS FROM `shop_brand` [ RunTime:0.0090s ]
SQL: SELECT * FROM `shop_brand` WHERE `status` > 0  [ RunTime:0.0000s ]
INFO: [ view_parse ] --START--
INFO: [ template_filter ] --START--
INFO: Run Behavior\ContentReplaceBehavior [ RunTime:0.001000s ]
INFO: [ template_filter ] --END-- [ RunTime:0.001000s ]
INFO: Run Behavior\ParseTemplateBehavior [ RunTime:0.054003s ]
INFO: [ view_parse ] --END-- [ RunTime:0.054003s ]
INFO: [ view_filter ] --START--
INFO: Run Behavior\WriteHtmlCacheBehavior [ RunTime:0.005001s ]
INFO: [ view_filter ] --END-- [ RunTime:0.005001s ]
INFO: [ app_end ] --START--
INFO: Run Behavior\ShowPageTraceBehavior [ RunTime:0.002000s ]
INFO: [ app_end ] --END-- [ RunTime:0.002000s ]

[ 2016-11-17T19:11:19+08:00 ] 127.0.0.1 /member
INFO: [ app_init ] --START--
INFO: Run Behavior\BuildLiteBehavior [ RunTime:0.000000s ]
INFO: [ app_init ] --END-- [ RunTime:0.001000s ]
INFO: [ app_begin ] --START--
INFO: Run Behavior\ReadHtmlCacheBehavior [ RunTime:0.002000s ]
INFO: [ app_begin ] --END-- [ RunTime:0.002000s ]
ERR: 无法加载控制器:Member

[ 2016-11-17T19:11:32+08:00 ] 127.0.0.1 /member
INFO: [ app_init ] --START--
INFO: Run Behavior\BuildLiteBehavior [ RunTime:0.000000s ]
INFO: [ app_init ] --END-- [ RunTime:0.000000s ]
INFO: [ app_begin ] --START--
INFO: Run Behavior\ReadHtmlCacheBehavior [ RunTime:0.001000s ]
INFO: [ app_begin ] --END-- [ RunTime:0.001000s ]
ERR: 无法加载控制器:Member

[ 2016-11-17T19:11:36+08:00 ] 127.0.0.1 /Member
INFO: [ app_init ] --START--
INFO: Run Behavior\BuildLiteBehavior [ RunTime:0.000000s ]
INFO: [ app_init ] --END-- [ RunTime:0.000000s ]
INFO: [ app_begin ] --START--
INFO: Run Behavior\ReadHtmlCacheBehavior [ RunTime:0.001000s ]
INFO: [ app_begin ] --END-- [ RunTime:0.001000s ]
ERR: 无法加载控制器:Member

[ 2016-11-17T19:11:41+08:00 ] 127.0.0.1 /Member
INFO: [ app_init ] --START--
INFO: Run Behavior\BuildLiteBehavior [ RunTime:0.000000s ]
INFO: [ app_init ] --END-- [ RunTime:0.001000s ]
INFO: [ app_begin ] --START--
INFO: Run Behavior\ReadHtmlCacheBehavior [ RunTime:0.000000s ]
INFO: [ app_begin ] --END-- [ RunTime:0.000000s ]
ERR: 无法加载控制器:Member

[ 2016-11-17T19:11:44+08:00 ] 127.0.0.1 /qq
INFO: [ app_init ] --START--
INFO: Run Behavior\BuildLiteBehavior [ RunTime:0.000000s ]
INFO: [ app_init ] --END-- [ RunTime:0.001000s ]
INFO: [ app_begin ] --START--
INFO: Run Behavior\ReadHtmlCacheBehavior [ RunTime:0.000000s ]
INFO: [ app_begin ] --END-- [ RunTime:0.000000s ]
ERR: 无法加载控制器:Qq

[ 2016-11-17T19:11:50+08:00 ] 127.0.0.1 /member
INFO: [ app_init ] --START--
INFO: Run Behavior\BuildLiteBehavior [ RunTime:0.000000s ]
INFO: [ app_init ] --END-- [ RunTime:0.001001s ]
INFO: [ app_begin ] --START--
INFO: Run Behavior\ReadHtmlCacheBehavior [ RunTime:0.000000s ]
INFO: [ app_begin ] --END-- [ RunTime:0.000000s ]
ERR: 无法加载控制器:Member

[ 2016-11-17T19:13:52+08:00 ] 127.0.0.1 /member
INFO: [ app_init ] --START--
INFO: Run Behavior\BuildLiteBehavior [ RunTime:0.000000s ]
INFO: [ app_init ] --END-- [ RunTime:0.001000s ]
INFO: [ app_begin ] --START--
INFO: Run Behavior\ReadHtmlCacheBehavior [ RunTime:0.000000s ]
INFO: [ app_begin ] --END-- [ RunTime:0.000000s ]
ERR: 无法加载控制器:Member

[ 2016-11-17T19:13:53+08:00 ] 127.0.0.1 /member
INFO: [ app_init ] --START--
INFO: Run Behavior\BuildLiteBehavior [ RunTime:0.000000s ]
INFO: [ app_init ] --END-- [ RunTime:0.000000s ]
INFO: [ app_begin ] --START--
INFO: Run Behavior\ReadHtmlCacheBehavior [ RunTime:0.001000s ]
INFO: [ app_begin ] --END-- [ RunTime:0.001000s ]
ERR: 无法加载控制器:Member

