[ 2016-10-31T17:30:37+08:00 ] ::1 /thinkPHP/Application/Admin/View/User/jquery-1.11.2.js
INFO: [ app_init ] --START--
INFO: Run Behavior\BuildLiteBehavior [ RunTime:0.000000s ]
INFO: [ app_init ] --END-- [ RunTime:0.051003s ]
ERR: 无法加载模块:Application

[ 2016-10-31T17:32:13+08:00 ] 127.0.0.1 /favicon.ico
INFO: [ app_init ] --START--
INFO: Run Behavior\BuildLiteBehavior [ RunTime:0.000000s ]
INFO: [ app_init ] --END-- [ RunTime:0.000000s ]
ERR: 无法加载模块:Favicon

[ 2016-10-31T17:32:18+08:00 ] 127.0.0.1 /jquery-1.11.2.js
INFO: [ app_init ] --START--
INFO: Run Behavior\BuildLiteBehavior [ RunTime:0.000000s ]
INFO: [ app_init ] --END-- [ RunTime:0.001000s ]
ERR: 无法加载模块:Jquery-1.11.2

[ 2016-10-31T17:32:35+08:00 ] 127.0.0.1 /jquery-1.11.2.js
INFO: [ app_init ] --START--
INFO: Run Behavior\BuildLiteBehavior [ RunTime:0.000000s ]
INFO: [ app_init ] --END-- [ RunTime:0.001000s ]
ERR: 无法加载模块:Jquery-1.11.2

[ 2016-10-31T17:32:36+08:00 ] 127.0.0.1 /jquery-1.11.2.js
INFO: [ app_init ] --START--
INFO: Run Behavior\BuildLiteBehavior [ RunTime:0.000000s ]
INFO: [ app_init ] --END-- [ RunTime:0.000000s ]
ERR: 无法加载模块:Jquery-1.11.2

[ 2016-10-31T17:32:38+08:00 ] 127.0.0.1 /jquery-1.11.2.js
INFO: [ app_init ] --START--
INFO: Run Behavior\BuildLiteBehavior [ RunTime:0.000000s ]
INFO: [ app_init ] --END-- [ RunTime:0.000000s ]
ERR: 无法加载模块:Jquery-1.11.2

[ 2016-10-31T17:41:02+08:00 ] 127.0.0.1 /jquery-1.11.2.js
INFO: [ app_init ] --START--
INFO: Run Behavior\BuildLiteBehavior [ RunTime:0.000000s ]
INFO: [ app_init ] --END-- [ RunTime:0.001000s ]
ERR: 无法加载模块:Jquery-1.11.2

[ 2016-10-31T17:41:03+08:00 ] 127.0.0.1 /jquery-1.11.2.js
INFO: [ app_init ] --START--
INFO: Run Behavior\BuildLiteBehavior [ RunTime:0.000000s ]
INFO: [ app_init ] --END-- [ RunTime:0.000000s ]
ERR: 无法加载模块:Jquery-1.11.2

[ 2016-10-31T17:41:08+08:00 ] 127.0.0.1 /jquery-1.11.2.js
INFO: [ app_init ] --START--
INFO: Run Behavior\BuildLiteBehavior [ RunTime:0.000000s ]
INFO: [ app_init ] --END-- [ RunTime:0.000000s ]
ERR: 无法加载模块:Jquery-1.11.2

[ 2016-10-31T17:41:34+08:00 ] 127.0.0.1 /jquery-1.11.2.js
INFO: [ app_init ] --START--
INFO: Run Behavior\BuildLiteBehavior [ RunTime:0.000000s ]
INFO: [ app_init ] --END-- [ RunTime:0.000000s ]
ERR: 无法加载模块:Jquery-1.11.2

[ 2016-10-31T17:41:50+08:00 ] 127.0.0.1 /jquery-1.11.2.js
INFO: [ app_init ] --START--
INFO: Run Behavior\BuildLiteBehavior [ RunTime:0.000000s ]
INFO: [ app_init ] --END-- [ RunTime:0.001000s ]
ERR: 无法加载模块:Jquery-1.11.2

[ 2016-10-31T17:41:52+08:00 ] 127.0.0.1 /jquery-1.11.2.js
INFO: [ app_init ] --START--
INFO: Run Behavior\BuildLiteBehavior [ RunTime:0.000000s ]
INFO: [ app_init ] --END-- [ RunTime:0.001000s ]
ERR: 无法加载模块:Jquery-1.11.2

[ 2016-10-31T17:42:40+08:00 ] 127.0.0.1 /jquery-1.11.2.js
INFO: [ app_init ] --START--
INFO: Run Behavior\BuildLiteBehavior [ RunTime:0.000000s ]
INFO: [ app_init ] --END-- [ RunTime:0.001001s ]
ERR: 无法加载模块:Jquery-1.11.2

[ 2016-10-31T17:42:41+08:00 ] 127.0.0.1 /jquery-1.11.2.js
INFO: [ app_init ] --START--
INFO: Run Behavior\BuildLiteBehavior [ RunTime:0.000000s ]
INFO: [ app_init ] --END-- [ RunTime:0.001000s ]
ERR: 无法加载模块:Jquery-1.11.2

[ 2016-10-31T17:50:09+08:00 ] 127.0.0.1 /jquery-1.11.2.js
INFO: [ app_init ] --START--
INFO: Run Behavior\BuildLiteBehavior [ RunTime:0.000000s ]
INFO: [ app_init ] --END-- [ RunTime:0.001000s ]
ERR: 无法加载模块:Jquery-1.11.2

[ 2016-10-31T17:50:11+08:00 ] 127.0.0.1 /jquery-1.11.2.js
INFO: [ app_init ] --START--
INFO: Run Behavior\BuildLiteBehavior [ RunTime:0.000000s ]
INFO: [ app_init ] --END-- [ RunTime:0.000000s ]
ERR: 无法加载模块:Jquery-1.11.2

[ 2016-10-31T17:58:32+08:00 ] 127.0.0.1 /jquery-1.11.2.js
INFO: [ app_init ] --START--
INFO: Run Behavior\BuildLiteBehavior [ RunTime:0.000000s ]
INFO: [ app_init ] --END-- [ RunTime:0.000000s ]
ERR: 无法加载模块:Jquery-1.11.2

[ 2016-10-31T17:58:33+08:00 ] 127.0.0.1 /jquery-1.11.2.js
INFO: [ app_init ] --START--
INFO: Run Behavior\BuildLiteBehavior [ RunTime:0.000000s ]
INFO: [ app_init ] --END-- [ RunTime:0.000000s ]
ERR: 无法加载模块:Jquery-1.11.2

[ 2016-10-31T17:58:34+08:00 ] 127.0.0.1 /jquery-1.11.2.js
INFO: [ app_init ] --START--
INFO: Run Behavior\BuildLiteBehavior [ RunTime:0.000000s ]
INFO: [ app_init ] --END-- [ RunTime:0.000000s ]
ERR: 无法加载模块:Jquery-1.11.2

[ 2016-10-31T17:58:58+08:00 ] 127.0.0.1 /jquery-1.11.2.js
INFO: [ app_init ] --START--
INFO: Run Behavior\BuildLiteBehavior [ RunTime:0.000000s ]
INFO: [ app_init ] --END-- [ RunTime:0.000000s ]
ERR: 无法加载模块:Jquery-1.11.2

[ 2016-10-31T18:03:39+08:00 ] 127.0.0.1 /jquery-1.11.2.js
INFO: [ app_init ] --START--
INFO: Run Behavior\BuildLiteBehavior [ RunTime:0.000000s ]
INFO: [ app_init ] --END-- [ RunTime:0.000000s ]
ERR: 无法加载模块:Jquery-1.11.2

[ 2016-10-31T18:03:41+08:00 ] 127.0.0.1 /jquery-1.11.2.js
INFO: [ app_init ] --START--
INFO: Run Behavior\BuildLiteBehavior [ RunTime:0.000000s ]
INFO: [ app_init ] --END-- [ RunTime:0.001000s ]
ERR: 无法加载模块:Jquery-1.11.2

[ 2016-10-31T18:03:49+08:00 ] 127.0.0.1 /jquery-1.11.2.js
INFO: [ app_init ] --START--
INFO: Run Behavior\BuildLiteBehavior [ RunTime:0.000000s ]
INFO: [ app_init ] --END-- [ RunTime:0.000000s ]
ERR: 无法加载模块:Jquery-1.11.2

[ 2016-10-31T18:04:02+08:00 ] 127.0.0.1 /jquery-1.11.2.js
INFO: [ app_init ] --START--
INFO: Run Behavior\BuildLiteBehavior [ RunTime:0.000000s ]
INFO: [ app_init ] --END-- [ RunTime:0.000000s ]
ERR: 无法加载模块:Jquery-1.11.2

[ 2016-10-31T18:04:45+08:00 ] 127.0.0.1 /jquery-1.11.2.js
INFO: [ app_init ] --START--
INFO: Run Behavior\BuildLiteBehavior [ RunTime:0.000000s ]
INFO: [ app_init ] --END-- [ RunTime:0.000000s ]
ERR: 无法加载模块:Jquery-1.11.2

[ 2016-10-31T18:05:10+08:00 ] 127.0.0.1 /jquery-1.11.2.js
INFO: [ app_init ] --START--
INFO: Run Behavior\BuildLiteBehavior [ RunTime:0.000000s ]
INFO: [ app_init ] --END-- [ RunTime:0.000000s ]
ERR: 无法加载模块:Jquery-1.11.2

[ 2016-10-31T18:16:39+08:00 ] 127.0.0.1 /jquery-1.11.2.js
INFO: [ app_init ] --START--
INFO: Run Behavior\BuildLiteBehavior [ RunTime:0.000000s ]
INFO: [ app_init ] --END-- [ RunTime:0.000000s ]
ERR: 无法加载模块:Jquery-1.11.2

[ 2016-10-31T18:18:23+08:00 ] 127.0.0.1 /jquery-1.11.2.js
INFO: [ app_init ] --START--
INFO: Run Behavior\BuildLiteBehavior [ RunTime:0.000000s ]
INFO: [ app_init ] --END-- [ RunTime:0.000000s ]
ERR: 无法加载模块:Jquery-1.11.2

[ 2016-10-31T18:20:55+08:00 ] 127.0.0.1 /jquery-1.11.2.js
INFO: [ app_init ] --START--
INFO: Run Behavior\BuildLiteBehavior [ RunTime:0.000000s ]
INFO: [ app_init ] --END-- [ RunTime:0.000000s ]
ERR: 无法加载模块:Jquery-1.11.2

[ 2016-10-31T18:20:56+08:00 ] 127.0.0.1 /jquery-1.11.2.js
INFO: [ app_init ] --START--
INFO: Run Behavior\BuildLiteBehavior [ RunTime:0.000000s ]
INFO: [ app_init ] --END-- [ RunTime:0.000000s ]
ERR: 无法加载模块:Jquery-1.11.2

[ 2016-10-31T18:26:28+08:00 ] 127.0.0.1 /jquery-1.11.2.js
INFO: [ app_init ] --START--
INFO: Run Behavior\BuildLiteBehavior [ RunTime:0.000000s ]
INFO: [ app_init ] --END-- [ RunTime:0.000000s ]
ERR: 无法加载模块:Jquery-1.11.2

[ 2016-10-31T18:26:29+08:00 ] 127.0.0.1 /jquery-1.11.2.js
INFO: [ app_init ] --START--
INFO: Run Behavior\BuildLiteBehavior [ RunTime:0.000000s ]
INFO: [ app_init ] --END-- [ RunTime:0.000000s ]
ERR: 无法加载模块:Jquery-1.11.2

[ 2016-10-31T18:26:30+08:00 ] 127.0.0.1 /jquery-1.11.2.js
INFO: [ app_init ] --START--
INFO: Run Behavior\BuildLiteBehavior [ RunTime:0.001001s ]
INFO: [ app_init ] --END-- [ RunTime:0.001001s ]
ERR: 无法加载模块:Jquery-1.11.2

[ 2016-10-31T18:35:44+08:00 ] 127.0.0.1 /jquery-1.11.2.js
INFO: [ app_init ] --START--
INFO: Run Behavior\BuildLiteBehavior [ RunTime:0.000000s ]
INFO: [ app_init ] --END-- [ RunTime:0.001001s ]
ERR: 无法加载模块:Jquery-1.11.2

[ 2016-10-31T18:37:14+08:00 ] 127.0.0.1 /jquery-1.11.2.js
INFO: [ app_init ] --START--
INFO: Run Behavior\BuildLiteBehavior [ RunTime:0.000000s ]
INFO: [ app_init ] --END-- [ RunTime:0.000000s ]
ERR: 无法加载模块:Jquery-1.11.2

[ 2016-10-31T18:38:15+08:00 ] 127.0.0.1 /jquery-1.11.2.js
INFO: [ app_init ] --START--
INFO: Run Behavior\BuildLiteBehavior [ RunTime:0.000000s ]
INFO: [ app_init ] --END-- [ RunTime:0.000000s ]
ERR: 无法加载模块:Jquery-1.11.2

[ 2016-10-31T18:38:16+08:00 ] 127.0.0.1 /jquery-1.11.2.js
INFO: [ app_init ] --START--
INFO: Run Behavior\BuildLiteBehavior [ RunTime:0.000000s ]
INFO: [ app_init ] --END-- [ RunTime:0.000000s ]
ERR: 无法加载模块:Jquery-1.11.2

[ 2016-10-31T18:42:45+08:00 ] 127.0.0.1 /jquery-1.11.2.js
INFO: [ app_init ] --START--
INFO: Run Behavior\BuildLiteBehavior [ RunTime:0.000000s ]
INFO: [ app_init ] --END-- [ RunTime:0.000000s ]
ERR: 无法加载模块:Jquery-1.11.2

[ 2016-10-31T18:42:57+08:00 ] 127.0.0.1 /jquery-1.11.2.js
INFO: [ app_init ] --START--
INFO: Run Behavior\BuildLiteBehavior [ RunTime:0.000000s ]
INFO: [ app_init ] --END-- [ RunTime:0.000000s ]
ERR: 无法加载模块:Jquery-1.11.2

[ 2016-10-31T18:43:23+08:00 ] 127.0.0.1 /jquery-1.11.2.js
INFO: [ app_init ] --START--
INFO: Run Behavior\BuildLiteBehavior [ RunTime:0.000000s ]
INFO: [ app_init ] --END-- [ RunTime:0.000000s ]
ERR: 无法加载模块:Jquery-1.11.2

[ 2016-10-31T18:43:25+08:00 ] 127.0.0.1 /jquery-1.11.2.js
INFO: [ app_init ] --START--
INFO: Run Behavior\BuildLiteBehavior [ RunTime:0.000000s ]
INFO: [ app_init ] --END-- [ RunTime:0.000000s ]
ERR: 无法加载模块:Jquery-1.11.2

[ 2016-10-31T18:43:29+08:00 ] 127.0.0.1 /jquery-1.11.2.js
INFO: [ app_init ] --START--
INFO: Run Behavior\BuildLiteBehavior [ RunTime:0.001000s ]
INFO: [ app_init ] --END-- [ RunTime:0.001000s ]
ERR: 无法加载模块:Jquery-1.11.2

[ 2016-10-31T18:43:43+08:00 ] 127.0.0.1 /jquery-1.11.2.js
INFO: [ app_init ] --START--
INFO: Run Behavior\BuildLiteBehavior [ RunTime:0.000000s ]
INFO: [ app_init ] --END-- [ RunTime:0.000000s ]
ERR: 无法加载模块:Jquery-1.11.2

[ 2016-10-31T18:44:02+08:00 ] 127.0.0.1 /jquery-1.11.2.js
INFO: [ app_init ] --START--
INFO: Run Behavior\BuildLiteBehavior [ RunTime:0.000000s ]
INFO: [ app_init ] --END-- [ RunTime:0.001000s ]
ERR: 无法加载模块:Jquery-1.11.2

[ 2016-10-31T18:44:03+08:00 ] 127.0.0.1 /jquery-1.11.2.js
INFO: [ app_init ] --START--
INFO: Run Behavior\BuildLiteBehavior [ RunTime:0.000000s ]
INFO: [ app_init ] --END-- [ RunTime:0.000000s ]
ERR: 无法加载模块:Jquery-1.11.2

[ 2016-10-31T18:44:08+08:00 ] 127.0.0.1 /jquery-1.11.2.js
INFO: [ app_init ] --START--
INFO: Run Behavior\BuildLiteBehavior [ RunTime:0.000000s ]
INFO: [ app_init ] --END-- [ RunTime:0.001000s ]
ERR: 无法加载模块:Jquery-1.11.2

[ 2016-10-31T18:44:16+08:00 ] 127.0.0.1 /jquery-1.11.2.js
INFO: [ app_init ] --START--
INFO: Run Behavior\BuildLiteBehavior [ RunTime:0.000000s ]
INFO: [ app_init ] --END-- [ RunTime:0.001000s ]
ERR: 无法加载模块:Jquery-1.11.2

[ 2016-10-31T18:44:34+08:00 ] 127.0.0.1 /jquery-1.11.2.js
INFO: [ app_init ] --START--
INFO: Run Behavior\BuildLiteBehavior [ RunTime:0.000000s ]
INFO: [ app_init ] --END-- [ RunTime:0.000000s ]
ERR: 无法加载模块:Jquery-1.11.2

[ 2016-10-31T18:44:35+08:00 ] 127.0.0.1 /jquery-1.11.2.js
INFO: [ app_init ] --START--
INFO: Run Behavior\BuildLiteBehavior [ RunTime:0.000000s ]
INFO: [ app_init ] --END-- [ RunTime:0.001000s ]
ERR: 无法加载模块:Jquery-1.11.2

[ 2016-10-31T18:44:39+08:00 ] 127.0.0.1 /jquery-1.11.2.js
INFO: [ app_init ] --START--
INFO: Run Behavior\BuildLiteBehavior [ RunTime:0.000000s ]
INFO: [ app_init ] --END-- [ RunTime:0.000000s ]
ERR: 无法加载模块:Jquery-1.11.2

[ 2016-10-31T18:44:58+08:00 ] 127.0.0.1 /jquery-1.11.2.js
INFO: [ app_init ] --START--
INFO: Run Behavior\BuildLiteBehavior [ RunTime:0.000000s ]
INFO: [ app_init ] --END-- [ RunTime:0.000000s ]
ERR: 无法加载模块:Jquery-1.11.2

[ 2016-10-31T18:52:27+08:00 ] 127.0.0.1 /jquery-1.11.2.js
INFO: [ app_init ] --START--
INFO: Run Behavior\BuildLiteBehavior [ RunTime:0.000000s ]
INFO: [ app_init ] --END-- [ RunTime:0.001000s ]
ERR: 无法加载模块:Jquery-1.11.2

[ 2016-10-31T18:52:28+08:00 ] 127.0.0.1 /jquery-1.11.2.js
INFO: [ app_init ] --START--
INFO: Run Behavior\BuildLiteBehavior [ RunTime:0.000000s ]
INFO: [ app_init ] --END-- [ RunTime:0.001000s ]
ERR: 无法加载模块:Jquery-1.11.2

[ 2016-10-31T18:52:32+08:00 ] 127.0.0.1 /jquery-1.11.2.js
INFO: [ app_init ] --START--
INFO: Run Behavior\BuildLiteBehavior [ RunTime:0.000000s ]
INFO: [ app_init ] --END-- [ RunTime:0.000000s ]
ERR: 无法加载模块:Jquery-1.11.2

[ 2016-10-31T18:52:33+08:00 ] 127.0.0.1 /jquery-1.11.2.js
INFO: [ app_init ] --START--
INFO: Run Behavior\BuildLiteBehavior [ RunTime:0.000000s ]
INFO: [ app_init ] --END-- [ RunTime:0.000000s ]
ERR: 无法加载模块:Jquery-1.11.2

[ 2016-10-31T18:52:38+08:00 ] 127.0.0.1 /jquery-1.11.2.js
INFO: [ app_init ] --START--
INFO: Run Behavior\BuildLiteBehavior [ RunTime:0.000000s ]
INFO: [ app_init ] --END-- [ RunTime:0.000000s ]
ERR: 无法加载模块:Jquery-1.11.2

[ 2016-10-31T18:54:12+08:00 ] 127.0.0.1 /jquery-1.11.2.js
INFO: [ app_init ] --START--
INFO: Run Behavior\BuildLiteBehavior [ RunTime:0.000000s ]
INFO: [ app_init ] --END-- [ RunTime:0.000000s ]
ERR: 无法加载模块:Jquery-1.11.2

[ 2016-10-31T18:56:39+08:00 ] 127.0.0.1 /jquery-1.11.2.js
INFO: [ app_init ] --START--
INFO: Run Behavior\BuildLiteBehavior [ RunTime:0.000000s ]
INFO: [ app_init ] --END-- [ RunTime:0.000000s ]
ERR: 无法加载模块:Jquery-1.11.2

[ 2016-10-31T18:57:00+08:00 ] 127.0.0.1 /jquery-1.11.2.js
INFO: [ app_init ] --START--
INFO: Run Behavior\BuildLiteBehavior [ RunTime:0.000000s ]
INFO: [ app_init ] --END-- [ RunTime:0.000000s ]
ERR: 无法加载模块:Jquery-1.11.2

[ 2016-10-31T18:58:23+08:00 ] 127.0.0.1 /jquery-1.11.2.js
INFO: [ app_init ] --START--
INFO: Run Behavior\BuildLiteBehavior [ RunTime:0.000000s ]
INFO: [ app_init ] --END-- [ RunTime:0.000000s ]
ERR: 无法加载模块:Jquery-1.11.2

[ 2016-10-31T18:58:24+08:00 ] 127.0.0.1 /edit.html?id=1
INFO: [ app_init ] --START--
INFO: Run Behavior\BuildLiteBehavior [ RunTime:0.000000s ]
INFO: [ app_init ] --END-- [ RunTime:0.000000s ]
ERR: 无法加载模块:Edit

[ 2016-10-31T18:59:24+08:00 ] 127.0.0.1 /jquery-1.11.2.js
INFO: [ app_init ] --START--
INFO: Run Behavior\BuildLiteBehavior [ RunTime:0.000000s ]
INFO: [ app_init ] --END-- [ RunTime:0.000000s ]
ERR: 无法加载模块:Jquery-1.11.2

[ 2016-10-31T19:00:21+08:00 ] 127.0.0.1 /jquery-1.11.2.js
INFO: [ app_init ] --START--
INFO: Run Behavior\BuildLiteBehavior [ RunTime:0.000000s ]
INFO: [ app_init ] --END-- [ RunTime:0.000000s ]
ERR: 无法加载模块:Jquery-1.11.2

[ 2016-10-31T19:00:24+08:00 ] 127.0.0.1 /jquery-1.11.2.js
INFO: [ app_init ] --START--
INFO: Run Behavior\BuildLiteBehavior [ RunTime:0.000000s ]
INFO: [ app_init ] --END-- [ RunTime:0.000000s ]
ERR: 无法加载模块:Jquery-1.11.2

[ 2016-10-31T19:00:26+08:00 ] 127.0.0.1 /jquery-1.11.2.js
INFO: [ app_init ] --START--
INFO: Run Behavior\BuildLiteBehavior [ RunTime:0.000000s ]
INFO: [ app_init ] --END-- [ RunTime:0.000000s ]
ERR: 无法加载模块:Jquery-1.11.2

[ 2016-10-31T19:00:30+08:00 ] 127.0.0.1 /jquery-1.11.2.js
INFO: [ app_init ] --START--
INFO: Run Behavior\BuildLiteBehavior [ RunTime:0.000000s ]
INFO: [ app_init ] --END-- [ RunTime:0.000000s ]
ERR: 无法加载模块:Jquery-1.11.2

[ 2016-10-31T19:00:32+08:00 ] 127.0.0.1 /jquery-1.11.2.js
INFO: [ app_init ] --START--
INFO: Run Behavior\BuildLiteBehavior [ RunTime:0.000000s ]
INFO: [ app_init ] --END-- [ RunTime:0.001000s ]
ERR: 无法加载模块:Jquery-1.11.2

[ 2016-10-31T19:01:06+08:00 ] 127.0.0.1 /jquery-1.11.2.js
INFO: [ app_init ] --START--
INFO: Run Behavior\BuildLiteBehavior [ RunTime:0.000000s ]
INFO: [ app_init ] --END-- [ RunTime:0.001000s ]
ERR: 无法加载模块:Jquery-1.11.2

[ 2016-10-31T19:01:08+08:00 ] 127.0.0.1 /jquery-1.11.2.js
INFO: [ app_init ] --START--
INFO: Run Behavior\BuildLiteBehavior [ RunTime:0.000000s ]
INFO: [ app_init ] --END-- [ RunTime:0.001000s ]
ERR: 无法加载模块:Jquery-1.11.2

[ 2016-10-31T19:01:11+08:00 ] 127.0.0.1 /jquery-1.11.2.js
INFO: [ app_init ] --START--
INFO: Run Behavior\BuildLiteBehavior [ RunTime:0.000000s ]
INFO: [ app_init ] --END-- [ RunTime:0.001000s ]
ERR: 无法加载模块:Jquery-1.11.2

[ 2016-10-31T19:01:12+08:00 ] 127.0.0.1 /jquery-1.11.2.js
INFO: [ app_init ] --START--
INFO: Run Behavior\BuildLiteBehavior [ RunTime:0.000000s ]
INFO: [ app_init ] --END-- [ RunTime:0.001000s ]
ERR: 无法加载模块:Jquery-1.11.2

[ 2016-10-31T19:01:13+08:00 ] 127.0.0.1 /jquery-1.11.2.js
INFO: [ app_init ] --START--
INFO: Run Behavior\BuildLiteBehavior [ RunTime:0.000000s ]
INFO: [ app_init ] --END-- [ RunTime:0.000000s ]
ERR: 无法加载模块:Jquery-1.11.2

[ 2016-10-31T19:01:22+08:00 ] 127.0.0.1 /jquery-1.11.2.js
INFO: [ app_init ] --START--
INFO: Run Behavior\BuildLiteBehavior [ RunTime:0.000000s ]
INFO: [ app_init ] --END-- [ RunTime:0.000000s ]
ERR: 无法加载模块:Jquery-1.11.2

[ 2016-10-31T19:01:23+08:00 ] 127.0.0.1 /jquery-1.11.2.js
INFO: [ app_init ] --START--
INFO: Run Behavior\BuildLiteBehavior [ RunTime:0.000000s ]
INFO: [ app_init ] --END-- [ RunTime:0.000000s ]
ERR: 无法加载模块:Jquery-1.11.2

[ 2016-10-31T19:01:29+08:00 ] 127.0.0.1 /jquery-1.11.2.js
INFO: [ app_init ] --START--
INFO: Run Behavior\BuildLiteBehavior [ RunTime:0.000000s ]
INFO: [ app_init ] --END-- [ RunTime:0.000000s ]
ERR: 无法加载模块:Jquery-1.11.2

[ 2016-10-31T19:01:30+08:00 ] 127.0.0.1 /jquery-1.11.2.js
INFO: [ app_init ] --START--
INFO: Run Behavior\BuildLiteBehavior [ RunTime:0.000000s ]
INFO: [ app_init ] --END-- [ RunTime:0.001000s ]
ERR: 无法加载模块:Jquery-1.11.2

[ 2016-10-31T19:01:51+08:00 ] 127.0.0.1 /jquery-1.11.2.js
INFO: [ app_init ] --START--
INFO: Run Behavior\BuildLiteBehavior [ RunTime:0.000000s ]
INFO: [ app_init ] --END-- [ RunTime:0.001000s ]
ERR: 无法加载模块:Jquery-1.11.2

[ 2016-10-31T19:03:56+08:00 ] 127.0.0.1 /jquery-1.11.2.js
INFO: [ app_init ] --START--
INFO: Run Behavior\BuildLiteBehavior [ RunTime:0.000000s ]
INFO: [ app_init ] --END-- [ RunTime:0.000000s ]
ERR: 无法加载模块:Jquery-1.11.2

[ 2016-10-31T20:05:17+08:00 ] 127.0.0.1 /jquery-1.11.2.js
INFO: [ app_init ] --START--
INFO: Run Behavior\BuildLiteBehavior [ RunTime:0.000000s ]
INFO: [ app_init ] --END-- [ RunTime:0.000000s ]
ERR: 无法加载模块:Jquery-1.11.2

[ 2016-10-31T20:05:18+08:00 ] 127.0.0.1 /jquery-1.11.2.js
INFO: [ app_init ] --START--
INFO: Run Behavior\BuildLiteBehavior [ RunTime:0.000000s ]
INFO: [ app_init ] --END-- [ RunTime:0.000000s ]
ERR: 无法加载模块:Jquery-1.11.2

[ 2016-10-31T20:05:23+08:00 ] 127.0.0.1 /jquery-1.11.2.js
INFO: [ app_init ] --START--
INFO: Run Behavior\BuildLiteBehavior [ RunTime:0.000000s ]
INFO: [ app_init ] --END-- [ RunTime:0.001001s ]
ERR: 无法加载模块:Jquery-1.11.2

[ 2016-10-31T20:05:27+08:00 ] 127.0.0.1 /jquery-1.11.2.js
INFO: [ app_init ] --START--
INFO: Run Behavior\BuildLiteBehavior [ RunTime:0.000000s ]
INFO: [ app_init ] --END-- [ RunTime:0.000000s ]
ERR: 无法加载模块:Jquery-1.11.2

[ 2016-10-31T20:05:30+08:00 ] 127.0.0.1 /jquery-1.11.2.js
INFO: [ app_init ] --START--
INFO: Run Behavior\BuildLiteBehavior [ RunTime:0.000000s ]
INFO: [ app_init ] --END-- [ RunTime:0.000000s ]
ERR: 无法加载模块:Jquery-1.11.2

[ 2016-10-31T20:05:32+08:00 ] 127.0.0.1 /jquery-1.11.2.js
INFO: [ app_init ] --START--
INFO: Run Behavior\BuildLiteBehavior [ RunTime:0.000000s ]
INFO: [ app_init ] --END-- [ RunTime:0.000000s ]
ERR: 无法加载模块:Jquery-1.11.2

