[ 2016-10-29T09:40:40+08:00 ] 127.0.0.1 /favicon.ico
INFO: [ app_init ] --START--
INFO: Run Behavior\BuildLiteBehavior [ RunTime:0.000000s ]
INFO: [ app_init ] --END-- [ RunTime:0.001000s ]
ERR: 无法加载模块:Favicon

[ 2016-10-29T11:48:31+08:00 ] 127.0.0.1 /favicon.ico
INFO: [ app_init ] --START--
INFO: Run Behavior\BuildLiteBehavior [ RunTime:0.000000s ]
INFO: [ app_init ] --END-- [ RunTime:0.001000s ]
ERR: 无法加载模块:Favicon

[ 2016-10-29T12:11:30+08:00 ] 127.0.0.1 /jquery-1.11.2.js
INFO: [ app_init ] --START--
INFO: Run Behavior\BuildLiteBehavior [ RunTime:0.000000s ]
INFO: [ app_init ] --END-- [ RunTime:0.000000s ]
ERR: 无法加载模块:Jquery-1.11.2

[ 2016-10-29T12:11:32+08:00 ] 127.0.0.1 /jquery-1.11.2.js
INFO: [ app_init ] --START--
INFO: Run Behavior\BuildLiteBehavior [ RunTime:0.000000s ]
INFO: [ app_init ] --END-- [ RunTime:0.000000s ]
ERR: 无法加载模块:Jquery-1.11.2

[ 2016-10-29T12:12:30+08:00 ] 127.0.0.1 /jquery-1.11.2.js
INFO: [ app_init ] --START--
INFO: Run Behavior\BuildLiteBehavior [ RunTime:0.000000s ]
INFO: [ app_init ] --END-- [ RunTime:0.000000s ]
ERR: 无法加载模块:Jquery-1.11.2

[ 2016-10-29T12:12:31+08:00 ] 127.0.0.1 /jquery-1.11.2.js
INFO: [ app_init ] --START--
INFO: Run Behavior\BuildLiteBehavior [ RunTime:0.000000s ]
INFO: [ app_init ] --END-- [ RunTime:0.000000s ]
ERR: 无法加载模块:Jquery-1.11.2

[ 2016-10-29T12:12:32+08:00 ] 127.0.0.1 /jquery-1.11.2.js
INFO: [ app_init ] --START--
INFO: Run Behavior\BuildLiteBehavior [ RunTime:0.000000s ]
INFO: [ app_init ] --END-- [ RunTime:0.001000s ]
ERR: 无法加载模块:Jquery-1.11.2

[ 2016-10-29T12:12:33+08:00 ] 127.0.0.1 /jquery-1.11.2.js
INFO: [ app_init ] --START--
INFO: Run Behavior\BuildLiteBehavior [ RunTime:0.000000s ]
INFO: [ app_init ] --END-- [ RunTime:0.000000s ]
ERR: 无法加载模块:Jquery-1.11.2

[ 2016-10-29T12:31:36+08:00 ] 127.0.0.1 /jquery-1.11.2.js
INFO: [ app_init ] --START--
INFO: Run Behavior\BuildLiteBehavior [ RunTime:0.000000s ]
INFO: [ app_init ] --END-- [ RunTime:0.000000s ]
ERR: 无法加载模块:Jquery-1.11.2

[ 2016-10-29T12:31:37+08:00 ] 127.0.0.1 /jquery-1.11.2.js
INFO: [ app_init ] --START--
INFO: Run Behavior\BuildLiteBehavior [ RunTime:0.000000s ]
INFO: [ app_init ] --END-- [ RunTime:0.001000s ]
ERR: 无法加载模块:Jquery-1.11.2

[ 2016-10-29T12:31:45+08:00 ] 127.0.0.1 /jquery-1.11.2.js
INFO: [ app_init ] --START--
INFO: Run Behavior\BuildLiteBehavior [ RunTime:0.000000s ]
INFO: [ app_init ] --END-- [ RunTime:0.000000s ]
ERR: 无法加载模块:Jquery-1.11.2

[ 2016-10-29T12:33:23+08:00 ] 127.0.0.1 /jquery-1.11.2.js
INFO: [ app_init ] --START--
INFO: Run Behavior\BuildLiteBehavior [ RunTime:0.000000s ]
INFO: [ app_init ] --END-- [ RunTime:0.000000s ]
ERR: 无法加载模块:Jquery-1.11.2

[ 2016-10-29T12:34:06+08:00 ] 127.0.0.1 /jquery-1.11.2.js
INFO: [ app_init ] --START--
INFO: Run Behavior\BuildLiteBehavior [ RunTime:0.000000s ]
INFO: [ app_init ] --END-- [ RunTime:0.000000s ]
ERR: 无法加载模块:Jquery-1.11.2

[ 2016-10-29T12:34:08+08:00 ] 127.0.0.1 /jquery-1.11.2.js
INFO: [ app_init ] --START--
INFO: Run Behavior\BuildLiteBehavior [ RunTime:0.000000s ]
INFO: [ app_init ] --END-- [ RunTime:0.001000s ]
ERR: 无法加载模块:Jquery-1.11.2

[ 2016-10-29T12:34:18+08:00 ] 127.0.0.1 /jquery-1.11.2.js
INFO: [ app_init ] --START--
INFO: Run Behavior\BuildLiteBehavior [ RunTime:0.000000s ]
INFO: [ app_init ] --END-- [ RunTime:0.001000s ]
ERR: 无法加载模块:Jquery-1.11.2

[ 2016-10-29T12:36:35+08:00 ] 127.0.0.1 /jquery-1.11.2.js
INFO: [ app_init ] --START--
INFO: Run Behavior\BuildLiteBehavior [ RunTime:0.000000s ]
INFO: [ app_init ] --END-- [ RunTime:0.000000s ]
ERR: 无法加载模块:Jquery-1.11.2

[ 2016-10-29T12:36:37+08:00 ] 127.0.0.1 /jquery-1.11.2.js
INFO: [ app_init ] --START--
INFO: Run Behavior\BuildLiteBehavior [ RunTime:0.000000s ]
INFO: [ app_init ] --END-- [ RunTime:0.001000s ]
ERR: 无法加载模块:Jquery-1.11.2

[ 2016-10-29T12:36:38+08:00 ] 127.0.0.1 /jquery-1.11.2.js
INFO: [ app_init ] --START--
INFO: Run Behavior\BuildLiteBehavior [ RunTime:0.000000s ]
INFO: [ app_init ] --END-- [ RunTime:0.000000s ]
ERR: 无法加载模块:Jquery-1.11.2

[ 2016-10-29T12:36:56+08:00 ] 127.0.0.1 /jquery-1.11.2.js
INFO: [ app_init ] --START--
INFO: Run Behavior\BuildLiteBehavior [ RunTime:0.000000s ]
INFO: [ app_init ] --END-- [ RunTime:0.000000s ]
ERR: 无法加载模块:Jquery-1.11.2

[ 2016-10-29T12:36:57+08:00 ] 127.0.0.1 /jquery-1.11.2.js
INFO: [ app_init ] --START--
INFO: Run Behavior\BuildLiteBehavior [ RunTime:0.000000s ]
INFO: [ app_init ] --END-- [ RunTime:0.001000s ]
ERR: 无法加载模块:Jquery-1.11.2

[ 2016-10-29T14:58:07+08:00 ] 127.0.0.1 /jquery-1.11.2.js
INFO: [ app_init ] --START--
INFO: Run Behavior\BuildLiteBehavior [ RunTime:0.000000s ]
INFO: [ app_init ] --END-- [ RunTime:0.000000s ]
ERR: 无法加载模块:Jquery-1.11.2

[ 2016-10-29T14:58:08+08:00 ] 127.0.0.1 /jquery-1.11.2.js
INFO: [ app_init ] --START--
INFO: Run Behavior\BuildLiteBehavior [ RunTime:0.000000s ]
INFO: [ app_init ] --END-- [ RunTime:0.000000s ]
ERR: 无法加载模块:Jquery-1.11.2

[ 2016-10-29T14:58:11+08:00 ] 127.0.0.1 /jquery-1.11.2.js
INFO: [ app_init ] --START--
INFO: Run Behavior\BuildLiteBehavior [ RunTime:0.000000s ]
INFO: [ app_init ] --END-- [ RunTime:0.000000s ]
ERR: 无法加载模块:Jquery-1.11.2

[ 2016-10-29T14:58:43+08:00 ] 127.0.0.1 /jquery-1.11.2.js
INFO: [ app_init ] --START--
INFO: Run Behavior\BuildLiteBehavior [ RunTime:0.000000s ]
INFO: [ app_init ] --END-- [ RunTime:0.000000s ]
ERR: 无法加载模块:Jquery-1.11.2

[ 2016-10-29T14:58:44+08:00 ] 127.0.0.1 /jquery-1.11.2.js
INFO: [ app_init ] --START--
INFO: Run Behavior\BuildLiteBehavior [ RunTime:0.000000s ]
INFO: [ app_init ] --END-- [ RunTime:0.000000s ]
ERR: 无法加载模块:Jquery-1.11.2

[ 2016-10-29T14:58:46+08:00 ] 127.0.0.1 /jquery-1.11.2.js
INFO: [ app_init ] --START--
INFO: Run Behavior\BuildLiteBehavior [ RunTime:0.000000s ]
INFO: [ app_init ] --END-- [ RunTime:0.000000s ]
ERR: 无法加载模块:Jquery-1.11.2

[ 2016-10-29T14:58:55+08:00 ] 127.0.0.1 /jquery-1.11.2.js
INFO: [ app_init ] --START--
INFO: Run Behavior\BuildLiteBehavior [ RunTime:0.000000s ]
INFO: [ app_init ] --END-- [ RunTime:0.000000s ]
ERR: 无法加载模块:Jquery-1.11.2

[ 2016-10-29T14:59:10+08:00 ] 127.0.0.1 /jquery-1.11.2.js
INFO: [ app_init ] --START--
INFO: Run Behavior\BuildLiteBehavior [ RunTime:0.000000s ]
INFO: [ app_init ] --END-- [ RunTime:0.000000s ]
ERR: 无法加载模块:Jquery-1.11.2

[ 2016-10-29T14:59:12+08:00 ] 127.0.0.1 /jquery-1.11.2.js
INFO: [ app_init ] --START--
INFO: Run Behavior\BuildLiteBehavior [ RunTime:0.000000s ]
INFO: [ app_init ] --END-- [ RunTime:0.001000s ]
ERR: 无法加载模块:Jquery-1.11.2

[ 2016-10-29T15:00:09+08:00 ] 127.0.0.1 /jquery-1.11.2.js
INFO: [ app_init ] --START--
INFO: Run Behavior\BuildLiteBehavior [ RunTime:0.000000s ]
INFO: [ app_init ] --END-- [ RunTime:0.001000s ]
ERR: 无法加载模块:Jquery-1.11.2

[ 2016-10-29T15:00:10+08:00 ] 127.0.0.1 /jquery-1.11.2.js
INFO: [ app_init ] --START--
INFO: Run Behavior\BuildLiteBehavior [ RunTime:0.000000s ]
INFO: [ app_init ] --END-- [ RunTime:0.000000s ]
ERR: 无法加载模块:Jquery-1.11.2

[ 2016-10-29T15:00:14+08:00 ] 127.0.0.1 /jquery-1.11.2.js
INFO: [ app_init ] --START--
INFO: Run Behavior\BuildLiteBehavior [ RunTime:0.000000s ]
INFO: [ app_init ] --END-- [ RunTime:0.001000s ]
ERR: 无法加载模块:Jquery-1.11.2

[ 2016-10-29T15:00:17+08:00 ] 127.0.0.1 /jquery-1.11.2.js
INFO: [ app_init ] --START--
INFO: Run Behavior\BuildLiteBehavior [ RunTime:0.000000s ]
INFO: [ app_init ] --END-- [ RunTime:0.000000s ]
ERR: 无法加载模块:Jquery-1.11.2

[ 2016-10-29T15:00:18+08:00 ] 127.0.0.1 /jquery-1.11.2.js
INFO: [ app_init ] --START--
INFO: Run Behavior\BuildLiteBehavior [ RunTime:0.000000s ]
INFO: [ app_init ] --END-- [ RunTime:0.001000s ]
ERR: 无法加载模块:Jquery-1.11.2

[ 2016-10-29T15:01:05+08:00 ] 127.0.0.1 /jquery-1.11.2.js
INFO: [ app_init ] --START--
INFO: Run Behavior\BuildLiteBehavior [ RunTime:0.000000s ]
INFO: [ app_init ] --END-- [ RunTime:0.001000s ]
ERR: 无法加载模块:Jquery-1.11.2

[ 2016-10-29T15:01:06+08:00 ] 127.0.0.1 /jquery-1.11.2.js
INFO: [ app_init ] --START--
INFO: Run Behavior\BuildLiteBehavior [ RunTime:0.000000s ]
INFO: [ app_init ] --END-- [ RunTime:0.000000s ]
ERR: 无法加载模块:Jquery-1.11.2

[ 2016-10-29T15:01:16+08:00 ] 127.0.0.1 /jquery-1.11.2.js
INFO: [ app_init ] --START--
INFO: Run Behavior\BuildLiteBehavior [ RunTime:0.000000s ]
INFO: [ app_init ] --END-- [ RunTime:0.001000s ]
ERR: 无法加载模块:Jquery-1.11.2

[ 2016-10-29T15:01:19+08:00 ] 127.0.0.1 /jquery-1.11.2.js
INFO: [ app_init ] --START--
INFO: Run Behavior\BuildLiteBehavior [ RunTime:0.000000s ]
INFO: [ app_init ] --END-- [ RunTime:0.000000s ]
ERR: 无法加载模块:Jquery-1.11.2

[ 2016-10-29T15:01:21+08:00 ] 127.0.0.1 /jquery-1.11.2.js
INFO: [ app_init ] --START--
INFO: Run Behavior\BuildLiteBehavior [ RunTime:0.000000s ]
INFO: [ app_init ] --END-- [ RunTime:0.000000s ]
ERR: 无法加载模块:Jquery-1.11.2

[ 2016-10-29T15:01:25+08:00 ] 127.0.0.1 /jquery-1.11.2.js
INFO: [ app_init ] --START--
INFO: Run Behavior\BuildLiteBehavior [ RunTime:0.000000s ]
INFO: [ app_init ] --END-- [ RunTime:0.000000s ]
ERR: 无法加载模块:Jquery-1.11.2

[ 2016-10-29T15:01:44+08:00 ] 127.0.0.1 /jquery-1.11.2.js
INFO: [ app_init ] --START--
INFO: Run Behavior\BuildLiteBehavior [ RunTime:0.000000s ]
INFO: [ app_init ] --END-- [ RunTime:0.001000s ]
ERR: 无法加载模块:Jquery-1.11.2

[ 2016-10-29T15:04:19+08:00 ] 127.0.0.1 /jquery-1.11.2.js
INFO: [ app_init ] --START--
INFO: Run Behavior\BuildLiteBehavior [ RunTime:0.000000s ]
INFO: [ app_init ] --END-- [ RunTime:0.001001s ]
ERR: 无法加载模块:Jquery-1.11.2

[ 2016-10-29T15:04:19+08:00 ] 127.0.0.1 /jquery-1.11.2.js
INFO: [ app_init ] --START--
INFO: Run Behavior\BuildLiteBehavior [ RunTime:0.000000s ]
INFO: [ app_init ] --END-- [ RunTime:0.001000s ]
ERR: 无法加载模块:Jquery-1.11.2

[ 2016-10-29T15:04:26+08:00 ] 127.0.0.1 /jquery-1.11.2.js
INFO: [ app_init ] --START--
INFO: Run Behavior\BuildLiteBehavior [ RunTime:0.000000s ]
INFO: [ app_init ] --END-- [ RunTime:0.000000s ]
ERR: 无法加载模块:Jquery-1.11.2

[ 2016-10-29T15:04:27+08:00 ] 127.0.0.1 /jquery-1.11.2.js
INFO: [ app_init ] --START--
INFO: Run Behavior\BuildLiteBehavior [ RunTime:0.000000s ]
INFO: [ app_init ] --END-- [ RunTime:0.000000s ]
ERR: 无法加载模块:Jquery-1.11.2

[ 2016-10-29T17:57:15+08:00 ] 127.0.0.1 /jquery-1.11.2.js
INFO: [ app_init ] --START--
INFO: Run Behavior\BuildLiteBehavior [ RunTime:0.000000s ]
INFO: [ app_init ] --END-- [ RunTime:0.000000s ]
ERR: 无法加载模块:Jquery-1.11.2

[ 2016-10-29T17:57:17+08:00 ] 127.0.0.1 /jquery-1.11.2.js
INFO: [ app_init ] --START--
INFO: Run Behavior\BuildLiteBehavior [ RunTime:0.000000s ]
INFO: [ app_init ] --END-- [ RunTime:0.000000s ]
ERR: 无法加载模块:Jquery-1.11.2

[ 2016-10-29T17:57:21+08:00 ] 127.0.0.1 /jquery-1.11.2.js
INFO: [ app_init ] --START--
INFO: Run Behavior\BuildLiteBehavior [ RunTime:0.000000s ]
INFO: [ app_init ] --END-- [ RunTime:0.001000s ]
ERR: 无法加载模块:Jquery-1.11.2

[ 2016-10-29T17:57:25+08:00 ] 127.0.0.1 /jquery-1.11.2.js
INFO: [ app_init ] --START--
INFO: Run Behavior\BuildLiteBehavior [ RunTime:0.000000s ]
INFO: [ app_init ] --END-- [ RunTime:0.001000s ]
ERR: 无法加载模块:Jquery-1.11.2

[ 2016-10-29T17:57:36+08:00 ] 127.0.0.1 /jquery-1.11.2.js
INFO: [ app_init ] --START--
INFO: Run Behavior\BuildLiteBehavior [ RunTime:0.000000s ]
INFO: [ app_init ] --END-- [ RunTime:0.000000s ]
ERR: 无法加载模块:Jquery-1.11.2

[ 2016-10-29T17:58:00+08:00 ] 127.0.0.1 /jquery-1.11.2.js
INFO: [ app_init ] --START--
INFO: Run Behavior\BuildLiteBehavior [ RunTime:0.000000s ]
INFO: [ app_init ] --END-- [ RunTime:0.000000s ]
ERR: 无法加载模块:Jquery-1.11.2

[ 2016-10-29T21:31:20+08:00 ] ::1 /thinkPHP/zuoye/20161029thinkPHP/Application/Admin/View/Index/__CSS__/general.css
INFO: [ app_init ] --START--
INFO: Run Behavior\BuildLiteBehavior [ RunTime:0.000000s ]
INFO: [ app_init ] --END-- [ RunTime:0.001000s ]
ERR: 无法加载模块:Application

[ 2016-10-29T21:31:20+08:00 ] ::1 /thinkPHP/zuoye/20161029thinkPHP/Application/Admin/View/Index/__IMG__/menu_minus.gif
INFO: [ app_init ] --START--
INFO: Run Behavior\BuildLiteBehavior [ RunTime:0.000000s ]
INFO: [ app_init ] --END-- [ RunTime:0.001000s ]
ERR: 无法加载模块:Application

[ 2016-10-29T21:31:20+08:00 ] ::1 /thinkPHP/zuoye/20161029thinkPHP/Application/Admin/View/Index/__IMG__/ecshop_logo.gif
INFO: [ app_init ] --START--
INFO: Run Behavior\BuildLiteBehavior [ RunTime:0.000000s ]
INFO: [ app_init ] --END-- [ RunTime:0.001000s ]
ERR: 无法加载模块:Application

[ 2016-10-29T21:31:20+08:00 ] ::1 /thinkPHP/zuoye/20161029thinkPHP/Application/Admin/View/Index/__JS__/global.js
INFO: [ app_init ] --START--
INFO: Run Behavior\BuildLiteBehavior [ RunTime:0.000000s ]
INFO: [ app_init ] --END-- [ RunTime:0.001000s ]
ERR: 无法加载模块:Application

[ 2016-10-29T21:31:20+08:00 ] ::1 /thinkPHP/zuoye/20161029thinkPHP/Application/Admin/View/Index/__CSS__/main.css
INFO: [ app_init ] --START--
INFO: Run Behavior\BuildLiteBehavior [ RunTime:0.000000s ]
INFO: [ app_init ] --END-- [ RunTime:0.000000s ]
ERR: 无法加载模块:Application

[ 2016-10-29T21:31:20+08:00 ] ::1 /thinkPHP/zuoye/20161029thinkPHP/Application/Admin/View/Index/__JS__/transport.js
INFO: [ app_init ] --START--
INFO: Run Behavior\BuildLiteBehavior [ RunTime:0.000000s ]
INFO: [ app_init ] --END-- [ RunTime:0.000000s ]
ERR: 无法加载模块:Application

[ 2016-10-29T21:31:20+08:00 ] ::1 /thinkPHP/zuoye/20161029thinkPHP/Application/Admin/View/Index/__JS__/utils.js
INFO: [ app_init ] --START--
INFO: Run Behavior\BuildLiteBehavior [ RunTime:0.000000s ]
INFO: [ app_init ] --END-- [ RunTime:0.000000s ]
ERR: 无法加载模块:Application

[ 2016-10-29T21:31:20+08:00 ] ::1 /thinkPHP/zuoye/20161029thinkPHP/Application/Admin/View/Index/__IMG__/menu_arrow.gif
INFO: [ app_init ] --START--
INFO: Run Behavior\BuildLiteBehavior [ RunTime:0.000000s ]
INFO: [ app_init ] --END-- [ RunTime:0.001001s ]
ERR: 无法加载模块:Application

[ 2016-10-29T21:31:21+08:00 ] ::1 /thinkPHP/zuoye/20161029thinkPHP/Application/Admin/View/Index/__JS__/transport.js
INFO: [ app_init ] --START--
INFO: Run Behavior\BuildLiteBehavior [ RunTime:0.000000s ]
INFO: [ app_init ] --END-- [ RunTime:0.001000s ]
ERR: 无法加载模块:Application

[ 2016-10-29T21:31:23+08:00 ] ::1 /thinkPHP/zuoye/20161029thinkPHP/Application/Admin/View/Index/__IMG__/ecshop_logo.gif
INFO: [ app_init ] --START--
INFO: Run Behavior\BuildLiteBehavior [ RunTime:0.000000s ]
INFO: [ app_init ] --END-- [ RunTime:0.001000s ]
ERR: 无法加载模块:Application

[ 2016-10-29T21:31:23+08:00 ] ::1 /thinkPHP/zuoye/20161029thinkPHP/Application/Admin/View/Index/__CSS__/general.css
INFO: [ app_init ] --START--
INFO: Run Behavior\BuildLiteBehavior [ RunTime:0.000000s ]
INFO: [ app_init ] --END-- [ RunTime:0.003000s ]
ERR: 无法加载模块:Application

[ 2016-10-29T21:31:23+08:00 ] ::1 /thinkPHP/zuoye/20161029thinkPHP/Application/Admin/View/Index/__JS__/global.js
INFO: [ app_init ] --START--
INFO: Run Behavior\BuildLiteBehavior [ RunTime:0.000000s ]
INFO: [ app_init ] --END-- [ RunTime:0.004000s ]
ERR: 无法加载模块:Application

[ 2016-10-29T21:31:23+08:00 ] ::1 /thinkPHP/zuoye/20161029thinkPHP/Application/Admin/View/Index/__JS__/utils.js
INFO: [ app_init ] --START--
INFO: Run Behavior\BuildLiteBehavior [ RunTime:0.000000s ]
INFO: [ app_init ] --END-- [ RunTime:0.001000s ]
ERR: 无法加载模块:Application

[ 2016-10-29T21:31:23+08:00 ] ::1 /thinkPHP/zuoye/20161029thinkPHP/Application/Admin/View/Index/__IMG__/menu_minus.gif
INFO: [ app_init ] --START--
INFO: Run Behavior\BuildLiteBehavior [ RunTime:0.000000s ]
INFO: [ app_init ] --END-- [ RunTime:0.000000s ]
ERR: 无法加载模块:Application

[ 2016-10-29T21:31:23+08:00 ] ::1 /thinkPHP/zuoye/20161029thinkPHP/Application/Admin/View/Index/__CSS__/main.css
INFO: [ app_init ] --START--
INFO: Run Behavior\BuildLiteBehavior [ RunTime:0.000000s ]
INFO: [ app_init ] --END-- [ RunTime:0.001000s ]
ERR: 无法加载模块:Application

[ 2016-10-29T21:31:23+08:00 ] ::1 /thinkPHP/zuoye/20161029thinkPHP/Application/Admin/View/Index/__JS__/transport.js
INFO: [ app_init ] --START--
INFO: Run Behavior\BuildLiteBehavior [ RunTime:0.000000s ]
INFO: [ app_init ] --END-- [ RunTime:0.002000s ]
ERR: 无法加载模块:Application

[ 2016-10-29T21:31:23+08:00 ] ::1 /thinkPHP/zuoye/20161029thinkPHP/Application/Admin/View/Index/__IMG__/menu_arrow.gif
INFO: [ app_init ] --START--
INFO: Run Behavior\BuildLiteBehavior [ RunTime:0.000000s ]
INFO: [ app_init ] --END-- [ RunTime:0.000000s ]
ERR: 无法加载模块:Application

[ 2016-10-29T21:41:39+08:00 ] ::1 /thinkPHP/zuoye/20161029thinkPHP/menu.html
INFO: [ app_init ] --START--
INFO: Run Behavior\BuildLiteBehavior [ RunTime:0.000000s ]
INFO: [ app_init ] --END-- [ RunTime:0.001000s ]
ERR: 无法加载模块:Menu

[ 2016-10-29T21:41:39+08:00 ] ::1 /thinkPHP/zuoye/20161029thinkPHP/top.html
INFO: [ app_init ] --START--
INFO: Run Behavior\BuildLiteBehavior [ RunTime:0.000000s ]
INFO: [ app_init ] --END-- [ RunTime:0.000000s ]
ERR: 无法加载模块:Top

[ 2016-10-29T21:41:39+08:00 ] ::1 /thinkPHP/zuoye/20161029thinkPHP/main.html
INFO: [ app_init ] --START--
INFO: Run Behavior\BuildLiteBehavior [ RunTime:0.000000s ]
INFO: [ app_init ] --END-- [ RunTime:0.000000s ]
ERR: 无法加载模块:Main

[ 2016-10-29T21:41:43+08:00 ] ::1 /thinkPHP/zuoye/20161029thinkPHP/main.html
INFO: [ app_init ] --START--
INFO: Run Behavior\BuildLiteBehavior [ RunTime:0.000000s ]
INFO: [ app_init ] --END-- [ RunTime:0.000000s ]
ERR: 无法加载模块:Main

[ 2016-10-29T21:41:43+08:00 ] ::1 /thinkPHP/zuoye/20161029thinkPHP/top.html
INFO: [ app_init ] --START--
INFO: Run Behavior\BuildLiteBehavior [ RunTime:0.000000s ]
INFO: [ app_init ] --END-- [ RunTime:0.001000s ]
ERR: 无法加载模块:Top

[ 2016-10-29T21:41:43+08:00 ] ::1 /thinkPHP/zuoye/20161029thinkPHP/menu.html
INFO: [ app_init ] --START--
INFO: Run Behavior\BuildLiteBehavior [ RunTime:0.000000s ]
INFO: [ app_init ] --END-- [ RunTime:0.001000s ]
ERR: 无法加载模块:Menu

[ 2016-10-29T21:46:09+08:00 ] ::1 /thinkPHP/zuoye/20161029thinkPHP/top.html
INFO: [ app_init ] --START--
INFO: Run Behavior\BuildLiteBehavior [ RunTime:0.000000s ]
INFO: [ app_init ] --END-- [ RunTime:0.001001s ]
ERR: 无法加载模块:Top

[ 2016-10-29T21:46:09+08:00 ] ::1 /thinkPHP/zuoye/20161029thinkPHP/main.html
INFO: [ app_init ] --START--
INFO: Run Behavior\BuildLiteBehavior [ RunTime:0.000000s ]
INFO: [ app_init ] --END-- [ RunTime:0.000000s ]
ERR: 无法加载模块:Main

[ 2016-10-29T21:46:09+08:00 ] ::1 /thinkPHP/zuoye/20161029thinkPHP/menu.html
INFO: [ app_init ] --START--
INFO: Run Behavior\BuildLiteBehavior [ RunTime:0.000000s ]
INFO: [ app_init ] --END-- [ RunTime:0.000000s ]
ERR: 无法加载模块:Menu

[ 2016-10-29T21:54:51+08:00 ] ::1 /thinkPHP/zuoye/20161029thinkPHP/menu.html
INFO: [ app_init ] --START--
INFO: Run Behavior\BuildLiteBehavior [ RunTime:0.000000s ]
INFO: [ app_init ] --END-- [ RunTime:0.001000s ]
ERR: 无法加载模块:Menu

[ 2016-10-29T21:54:51+08:00 ] ::1 /thinkPHP/zuoye/20161029thinkPHP/top.html
INFO: [ app_init ] --START--
INFO: Run Behavior\BuildLiteBehavior [ RunTime:0.000000s ]
INFO: [ app_init ] --END-- [ RunTime:0.000000s ]
ERR: 无法加载模块:Top

[ 2016-10-29T21:54:51+08:00 ] ::1 /thinkPHP/zuoye/20161029thinkPHP/main.html
INFO: [ app_init ] --START--
INFO: Run Behavior\BuildLiteBehavior [ RunTime:0.000000s ]
INFO: [ app_init ] --END-- [ RunTime:0.001000s ]
ERR: 无法加载模块:Main

[ 2016-10-29T22:06:07+08:00 ] ::1 /thinkPHP/zuoye/20161029thinkPHP/Application/Admin/View/Index/__CSS__/general.css
INFO: [ app_init ] --START--
INFO: Run Behavior\BuildLiteBehavior [ RunTime:0.000000s ]
INFO: [ app_init ] --END-- [ RunTime:0.001000s ]
ERR: 无法加载模块:Application

[ 2016-10-29T22:06:07+08:00 ] ::1 /thinkPHP/zuoye/20161029thinkPHP/Application/Admin/View/Index/__CSS__/main.css
INFO: [ app_init ] --START--
INFO: Run Behavior\BuildLiteBehavior [ RunTime:0.000000s ]
INFO: [ app_init ] --END-- [ RunTime:0.000000s ]
ERR: 无法加载模块:Application

[ 2016-10-29T22:06:12+08:00 ] ::1 /thinkPHP/zuoye/20161029thinkPHP/main.html
INFO: [ app_init ] --START--
INFO: Run Behavior\BuildLiteBehavior [ RunTime:0.000000s ]
INFO: [ app_init ] --END-- [ RunTime:0.000000s ]
ERR: 无法加载模块:Main

[ 2016-10-29T22:06:12+08:00 ] ::1 /thinkPHP/zuoye/20161029thinkPHP/top.html
INFO: [ app_init ] --START--
INFO: Run Behavior\BuildLiteBehavior [ RunTime:0.000000s ]
INFO: [ app_init ] --END-- [ RunTime:0.001000s ]
ERR: 无法加载模块:Top

[ 2016-10-29T22:06:12+08:00 ] ::1 /thinkPHP/zuoye/20161029thinkPHP/menu.html
INFO: [ app_init ] --START--
INFO: Run Behavior\BuildLiteBehavior [ RunTime:0.000000s ]
INFO: [ app_init ] --END-- [ RunTime:0.001000s ]
ERR: 无法加载模块:Menu

[ 2016-10-29T22:09:24+08:00 ] ::1 /thinkPHP/zuoye/20161029thinkPHP/top.html
INFO: [ app_init ] --START--
INFO: Run Behavior\BuildLiteBehavior [ RunTime:0.000000s ]
INFO: [ app_init ] --END-- [ RunTime:0.000000s ]
ERR: 无法加载模块:Top

[ 2016-10-29T22:09:24+08:00 ] ::1 /thinkPHP/zuoye/20161029thinkPHP/main.html
INFO: [ app_init ] --START--
INFO: Run Behavior\BuildLiteBehavior [ RunTime:0.000000s ]
INFO: [ app_init ] --END-- [ RunTime:0.000000s ]
ERR: 无法加载模块:Main

[ 2016-10-29T22:09:24+08:00 ] ::1 /thinkPHP/zuoye/20161029thinkPHP/menu.html
INFO: [ app_init ] --START--
INFO: Run Behavior\BuildLiteBehavior [ RunTime:0.000000s ]
INFO: [ app_init ] --END-- [ RunTime:0.001000s ]
ERR: 无法加载模块:Menu

[ 2016-10-29T22:12:27+08:00 ] ::1 /thinkPHP/zuoye/20161029thinkPHP/top.html
INFO: [ app_init ] --START--
INFO: Run Behavior\BuildLiteBehavior [ RunTime:0.000000s ]
INFO: [ app_init ] --END-- [ RunTime:0.001000s ]
ERR: 无法加载模块:Top

[ 2016-10-29T22:12:27+08:00 ] ::1 /thinkPHP/zuoye/20161029thinkPHP/menu.html
INFO: [ app_init ] --START--
INFO: Run Behavior\BuildLiteBehavior [ RunTime:0.000000s ]
INFO: [ app_init ] --END-- [ RunTime:0.001000s ]
ERR: 无法加载模块:Menu

[ 2016-10-29T22:12:27+08:00 ] ::1 /thinkPHP/zuoye/20161029thinkPHP/main.html
INFO: [ app_init ] --START--
INFO: Run Behavior\BuildLiteBehavior [ RunTime:0.000000s ]
INFO: [ app_init ] --END-- [ RunTime:0.000000s ]
ERR: 无法加载模块:Main

[ 2016-10-29T22:12:28+08:00 ] ::1 /thinkPHP/zuoye/20161029thinkPHP/top.html
INFO: [ app_init ] --START--
INFO: Run Behavior\BuildLiteBehavior [ RunTime:0.000000s ]
INFO: [ app_init ] --END-- [ RunTime:0.001000s ]
ERR: 无法加载模块:Top

[ 2016-10-29T22:12:28+08:00 ] ::1 /thinkPHP/zuoye/20161029thinkPHP/menu.html
INFO: [ app_init ] --START--
INFO: Run Behavior\BuildLiteBehavior [ RunTime:0.000000s ]
INFO: [ app_init ] --END-- [ RunTime:0.001000s ]
ERR: 无法加载模块:Menu

[ 2016-10-29T22:12:28+08:00 ] ::1 /thinkPHP/zuoye/20161029thinkPHP/main.html
INFO: [ app_init ] --START--
INFO: Run Behavior\BuildLiteBehavior [ RunTime:0.000000s ]
INFO: [ app_init ] --END-- [ RunTime:0.001000s ]
ERR: 无法加载模块:Main

[ 2016-10-29T22:12:29+08:00 ] ::1 /thinkPHP/zuoye/20161029thinkPHP/top.html
INFO: [ app_init ] --START--
INFO: Run Behavior\BuildLiteBehavior [ RunTime:0.000000s ]
INFO: [ app_init ] --END-- [ RunTime:0.001000s ]
ERR: 无法加载模块:Top

[ 2016-10-29T22:12:29+08:00 ] ::1 /thinkPHP/zuoye/20161029thinkPHP/menu.html
INFO: [ app_init ] --START--
INFO: Run Behavior\BuildLiteBehavior [ RunTime:0.000000s ]
INFO: [ app_init ] --END-- [ RunTime:0.001000s ]
ERR: 无法加载模块:Menu

[ 2016-10-29T22:12:29+08:00 ] ::1 /thinkPHP/zuoye/20161029thinkPHP/main.html
INFO: [ app_init ] --START--
INFO: Run Behavior\BuildLiteBehavior [ RunTime:0.000000s ]
INFO: [ app_init ] --END-- [ RunTime:0.001000s ]
ERR: 无法加载模块:Main

[ 2016-10-29T22:12:31+08:00 ] ::1 /thinkPHP/zuoye/20161029thinkPHP/main.html
INFO: [ app_init ] --START--
INFO: Run Behavior\BuildLiteBehavior [ RunTime:0.000000s ]
INFO: [ app_init ] --END-- [ RunTime:0.001000s ]
ERR: 无法加载模块:Main

[ 2016-10-29T22:12:31+08:00 ] ::1 /thinkPHP/zuoye/20161029thinkPHP/menu.html
INFO: [ app_init ] --START--
INFO: Run Behavior\BuildLiteBehavior [ RunTime:0.001000s ]
INFO: [ app_init ] --END-- [ RunTime:0.002000s ]
ERR: 无法加载模块:Menu

[ 2016-10-29T22:12:31+08:00 ] ::1 /thinkPHP/zuoye/20161029thinkPHP/top.html
INFO: [ app_init ] --START--
INFO: Run Behavior\BuildLiteBehavior [ RunTime:0.000000s ]
INFO: [ app_init ] --END-- [ RunTime:0.000000s ]
ERR: 无法加载模块:Top

[ 2016-10-29T22:12:32+08:00 ] ::1 /thinkPHP/zuoye/20161029thinkPHP/main.html
INFO: [ app_init ] --START--
INFO: Run Behavior\BuildLiteBehavior [ RunTime:0.000000s ]
INFO: [ app_init ] --END-- [ RunTime:0.001000s ]
ERR: 无法加载模块:Main

[ 2016-10-29T22:12:32+08:00 ] ::1 /thinkPHP/zuoye/20161029thinkPHP/top.html
INFO: [ app_init ] --START--
INFO: Run Behavior\BuildLiteBehavior [ RunTime:0.000000s ]
INFO: [ app_init ] --END-- [ RunTime:0.000000s ]
ERR: 无法加载模块:Top

[ 2016-10-29T22:12:32+08:00 ] ::1 /thinkPHP/zuoye/20161029thinkPHP/menu.html
INFO: [ app_init ] --START--
INFO: Run Behavior\BuildLiteBehavior [ RunTime:0.000000s ]
INFO: [ app_init ] --END-- [ RunTime:0.001000s ]
ERR: 无法加载模块:Menu

[ 2016-10-29T22:12:32+08:00 ] ::1 /thinkPHP/zuoye/20161029thinkPHP/main.html
INFO: [ app_init ] --START--
INFO: Run Behavior\BuildLiteBehavior [ RunTime:0.000000s ]
INFO: [ app_init ] --END-- [ RunTime:0.001000s ]
ERR: 无法加载模块:Main

[ 2016-10-29T22:12:32+08:00 ] ::1 /thinkPHP/zuoye/20161029thinkPHP/top.html
INFO: [ app_init ] --START--
INFO: Run Behavior\BuildLiteBehavior [ RunTime:0.000000s ]
INFO: [ app_init ] --END-- [ RunTime:0.001000s ]
ERR: 无法加载模块:Top

[ 2016-10-29T22:12:32+08:00 ] ::1 /thinkPHP/zuoye/20161029thinkPHP/menu.html
INFO: [ app_init ] --START--
INFO: Run Behavior\BuildLiteBehavior [ RunTime:0.000000s ]
INFO: [ app_init ] --END-- [ RunTime:0.001000s ]
ERR: 无法加载模块:Menu

[ 2016-10-29T22:12:32+08:00 ] ::1 /thinkPHP/zuoye/20161029thinkPHP/main.html
INFO: [ app_init ] --START--
INFO: Run Behavior\BuildLiteBehavior [ RunTime:0.000000s ]
INFO: [ app_init ] --END-- [ RunTime:0.000000s ]
ERR: 无法加载模块:Main

[ 2016-10-29T22:12:32+08:00 ] ::1 /thinkPHP/zuoye/20161029thinkPHP/top.html
INFO: [ app_init ] --START--
INFO: Run Behavior\BuildLiteBehavior [ RunTime:0.000000s ]
INFO: [ app_init ] --END-- [ RunTime:0.001000s ]
ERR: 无法加载模块:Top

[ 2016-10-29T22:12:32+08:00 ] ::1 /thinkPHP/zuoye/20161029thinkPHP/menu.html
INFO: [ app_init ] --START--
INFO: Run Behavior\BuildLiteBehavior [ RunTime:0.000000s ]
INFO: [ app_init ] --END-- [ RunTime:0.001000s ]
ERR: 无法加载模块:Menu

[ 2016-10-29T22:12:32+08:00 ] ::1 /thinkPHP/zuoye/20161029thinkPHP/main.html
INFO: [ app_init ] --START--
INFO: Run Behavior\BuildLiteBehavior [ RunTime:0.000000s ]
INFO: [ app_init ] --END-- [ RunTime:0.001000s ]
ERR: 无法加载模块:Main

[ 2016-10-29T22:12:32+08:00 ] ::1 /thinkPHP/zuoye/20161029thinkPHP/top.html
INFO: [ app_init ] --START--
INFO: Run Behavior\BuildLiteBehavior [ RunTime:0.000000s ]
INFO: [ app_init ] --END-- [ RunTime:0.002000s ]
ERR: 无法加载模块:Top

[ 2016-10-29T22:12:32+08:00 ] ::1 /thinkPHP/zuoye/20161029thinkPHP/menu.html
INFO: [ app_init ] --START--
INFO: Run Behavior\BuildLiteBehavior [ RunTime:0.000000s ]
INFO: [ app_init ] --END-- [ RunTime:0.000000s ]
ERR: 无法加载模块:Menu

[ 2016-10-29T22:12:32+08:00 ] ::1 /thinkPHP/zuoye/20161029thinkPHP/main.html
INFO: [ app_init ] --START--
INFO: Run Behavior\BuildLiteBehavior [ RunTime:0.000000s ]
INFO: [ app_init ] --END-- [ RunTime:0.000000s ]
ERR: 无法加载模块:Main

[ 2016-10-29T22:12:32+08:00 ] ::1 /thinkPHP/zuoye/20161029thinkPHP/top.html
INFO: [ app_init ] --START--
INFO: Run Behavior\BuildLiteBehavior [ RunTime:0.000000s ]
INFO: [ app_init ] --END-- [ RunTime:0.000000s ]
ERR: 无法加载模块:Top

[ 2016-10-29T22:12:32+08:00 ] ::1 /thinkPHP/zuoye/20161029thinkPHP/menu.html
INFO: [ app_init ] --START--
INFO: Run Behavior\BuildLiteBehavior [ RunTime:0.000000s ]
INFO: [ app_init ] --END-- [ RunTime:0.000000s ]
ERR: 无法加载模块:Menu

[ 2016-10-29T22:12:32+08:00 ] ::1 /thinkPHP/zuoye/20161029thinkPHP/menu.html
INFO: [ app_init ] --START--
INFO: Run Behavior\BuildLiteBehavior [ RunTime:0.000000s ]
INFO: [ app_init ] --END-- [ RunTime:0.001000s ]
ERR: 无法加载模块:Menu

[ 2016-10-29T22:12:32+08:00 ] ::1 /thinkPHP/zuoye/20161029thinkPHP/top.html
INFO: [ app_init ] --START--
INFO: Run Behavior\BuildLiteBehavior [ RunTime:0.000000s ]
INFO: [ app_init ] --END-- [ RunTime:0.001000s ]
ERR: 无法加载模块:Top

[ 2016-10-29T22:12:32+08:00 ] ::1 /thinkPHP/zuoye/20161029thinkPHP/main.html
INFO: [ app_init ] --START--
INFO: Run Behavior\BuildLiteBehavior [ RunTime:0.000000s ]
INFO: [ app_init ] --END-- [ RunTime:0.001000s ]
ERR: 无法加载模块:Main

[ 2016-10-29T22:12:32+08:00 ] ::1 /thinkPHP/zuoye/20161029thinkPHP/top.html
INFO: [ app_init ] --START--
INFO: Run Behavior\BuildLiteBehavior [ RunTime:0.000000s ]
INFO: [ app_init ] --END-- [ RunTime:0.001000s ]
ERR: 无法加载模块:Top

[ 2016-10-29T22:12:32+08:00 ] ::1 /thinkPHP/zuoye/20161029thinkPHP/menu.html
INFO: [ app_init ] --START--
INFO: Run Behavior\BuildLiteBehavior [ RunTime:0.000000s ]
INFO: [ app_init ] --END-- [ RunTime:0.001000s ]
ERR: 无法加载模块:Menu

[ 2016-10-29T22:12:32+08:00 ] ::1 /thinkPHP/zuoye/20161029thinkPHP/main.html
INFO: [ app_init ] --START--
INFO: Run Behavior\BuildLiteBehavior [ RunTime:0.000000s ]
INFO: [ app_init ] --END-- [ RunTime:0.001000s ]
ERR: 无法加载模块:Main

[ 2016-10-29T22:12:33+08:00 ] ::1 /thinkPHP/zuoye/20161029thinkPHP/main.html
INFO: [ app_init ] --START--
INFO: Run Behavior\BuildLiteBehavior [ RunTime:0.000000s ]
INFO: [ app_init ] --END-- [ RunTime:0.000000s ]
ERR: 无法加载模块:Main

[ 2016-10-29T22:12:33+08:00 ] ::1 /thinkPHP/zuoye/20161029thinkPHP/menu.html
INFO: [ app_init ] --START--
INFO: Run Behavior\BuildLiteBehavior [ RunTime:0.000000s ]
INFO: [ app_init ] --END-- [ RunTime:0.001000s ]
ERR: 无法加载模块:Menu

[ 2016-10-29T22:12:33+08:00 ] ::1 /thinkPHP/zuoye/20161029thinkPHP/top.html
INFO: [ app_init ] --START--
INFO: Run Behavior\BuildLiteBehavior [ RunTime:0.000000s ]
INFO: [ app_init ] --END-- [ RunTime:0.000000s ]
ERR: 无法加载模块:Top

[ 2016-10-29T22:14:03+08:00 ] ::1 /thinkPHP/zuoye/20161029thinkPHP/Application/Admin/View/Index/__CSS__/general.css
INFO: [ app_init ] --START--
INFO: Run Behavior\BuildLiteBehavior [ RunTime:0.000000s ]
INFO: [ app_init ] --END-- [ RunTime:0.001000s ]
ERR: 无法加载模块:Application

[ 2016-10-29T22:14:03+08:00 ] ::1 /thinkPHP/zuoye/20161029thinkPHP/Application/Admin/View/Index/__IMG__/ecshop_logo.gif
INFO: [ app_init ] --START--
INFO: Run Behavior\BuildLiteBehavior [ RunTime:0.000000s ]
INFO: [ app_init ] --END-- [ RunTime:0.000000s ]
ERR: 无法加载模块:Application

[ 2016-10-29T22:14:03+08:00 ] ::1 /thinkPHP/zuoye/20161029thinkPHP/Application/Admin/View/Index/__IMG__/menu_minus.gif
INFO: [ app_init ] --START--
INFO: Run Behavior\BuildLiteBehavior [ RunTime:0.000000s ]
INFO: [ app_init ] --END-- [ RunTime:0.001000s ]
ERR: 无法加载模块:Application

[ 2016-10-29T22:14:03+08:00 ] ::1 /thinkPHP/zuoye/20161029thinkPHP/Application/Admin/View/Index/__JS__/utils.js
INFO: [ app_init ] --START--
INFO: Run Behavior\BuildLiteBehavior [ RunTime:0.000000s ]
INFO: [ app_init ] --END-- [ RunTime:0.000000s ]
ERR: 无法加载模块:Application

[ 2016-10-29T22:14:03+08:00 ] ::1 /thinkPHP/zuoye/20161029thinkPHP/Application/Admin/View/Index/__JS__/transport.js
INFO: [ app_init ] --START--
INFO: Run Behavior\BuildLiteBehavior [ RunTime:0.000000s ]
INFO: [ app_init ] --END-- [ RunTime:0.001000s ]
ERR: 无法加载模块:Application

[ 2016-10-29T22:14:03+08:00 ] ::1 /thinkPHP/zuoye/20161029thinkPHP/Application/Admin/View/Index/__JS__/global.js
INFO: [ app_init ] --START--
INFO: Run Behavior\BuildLiteBehavior [ RunTime:0.000000s ]
INFO: [ app_init ] --END-- [ RunTime:0.001000s ]
ERR: 无法加载模块:Application

[ 2016-10-29T22:14:03+08:00 ] ::1 /thinkPHP/zuoye/20161029thinkPHP/Application/Admin/View/Index/__CSS__/main.css
INFO: [ app_init ] --START--
INFO: Run Behavior\BuildLiteBehavior [ RunTime:0.000000s ]
INFO: [ app_init ] --END-- [ RunTime:0.000000s ]
ERR: 无法加载模块:Application

[ 2016-10-29T22:14:03+08:00 ] ::1 /thinkPHP/zuoye/20161029thinkPHP/Application/Admin/View/Index/__IMG__/menu_arrow.gif
INFO: [ app_init ] --START--
INFO: Run Behavior\BuildLiteBehavior [ RunTime:0.000000s ]
INFO: [ app_init ] --END-- [ RunTime:0.002000s ]
ERR: 无法加载模块:Application

[ 2016-10-29T22:14:03+08:00 ] ::1 /thinkPHP/zuoye/20161029thinkPHP/Application/Admin/View/Index/__JS__/utils.js
INFO: [ app_init ] --START--
INFO: Run Behavior\BuildLiteBehavior [ RunTime:0.000000s ]
INFO: [ app_init ] --END-- [ RunTime:0.000000s ]
ERR: 无法加载模块:Application

[ 2016-10-29T22:14:04+08:00 ] ::1 /thinkPHP/zuoye/20161029thinkPHP/Application/Admin/View/Index/__JS__/transport.js
INFO: [ app_init ] --START--
INFO: Run Behavior\BuildLiteBehavior [ RunTime:0.000000s ]
INFO: [ app_init ] --END-- [ RunTime:0.001000s ]
ERR: 无法加载模块:Application

[ 2016-10-29T22:14:06+08:00 ] ::1 /thinkPHP/zuoye/20161029thinkPHP/Application/Admin/View/Index/__JS__/global.js
INFO: [ app_init ] --START--
INFO: Run Behavior\BuildLiteBehavior [ RunTime:0.000000s ]
INFO: [ app_init ] --END-- [ RunTime:0.000000s ]
ERR: 无法加载模块:Application

[ 2016-10-29T22:14:06+08:00 ] ::1 /thinkPHP/zuoye/20161029thinkPHP/Application/Admin/View/Index/__IMG__/ecshop_logo.gif
INFO: [ app_init ] --START--
INFO: Run Behavior\BuildLiteBehavior [ RunTime:0.000000s ]
INFO: [ app_init ] --END-- [ RunTime:0.001000s ]
ERR: 无法加载模块:Application

[ 2016-10-29T22:14:06+08:00 ] ::1 /thinkPHP/zuoye/20161029thinkPHP/Application/Admin/View/Index/__CSS__/main.css
INFO: [ app_init ] --START--
INFO: Run Behavior\BuildLiteBehavior [ RunTime:0.000000s ]
INFO: [ app_init ] --END-- [ RunTime:0.001000s ]
ERR: 无法加载模块:Application

[ 2016-10-29T22:14:06+08:00 ] ::1 /thinkPHP/zuoye/20161029thinkPHP/Application/Admin/View/Index/__CSS__/general.css
INFO: [ app_init ] --START--
INFO: Run Behavior\BuildLiteBehavior [ RunTime:0.000000s ]
INFO: [ app_init ] --END-- [ RunTime:0.001000s ]
ERR: 无法加载模块:Application

[ 2016-10-29T22:14:06+08:00 ] ::1 /thinkPHP/zuoye/20161029thinkPHP/Application/Admin/View/Index/__IMG__/menu_minus.gif
INFO: [ app_init ] --START--
INFO: Run Behavior\BuildLiteBehavior [ RunTime:0.000000s ]
INFO: [ app_init ] --END-- [ RunTime:0.000000s ]
ERR: 无法加载模块:Application

[ 2016-10-29T22:14:06+08:00 ] ::1 /thinkPHP/zuoye/20161029thinkPHP/Application/Admin/View/Index/__JS__/utils.js
INFO: [ app_init ] --START--
INFO: Run Behavior\BuildLiteBehavior [ RunTime:0.000000s ]
INFO: [ app_init ] --END-- [ RunTime:0.001000s ]
ERR: 无法加载模块:Application

[ 2016-10-29T22:14:06+08:00 ] ::1 /thinkPHP/zuoye/20161029thinkPHP/Application/Admin/View/Index/__JS__/transport.js
INFO: [ app_init ] --START--
INFO: Run Behavior\BuildLiteBehavior [ RunTime:0.000000s ]
INFO: [ app_init ] --END-- [ RunTime:0.001000s ]
ERR: 无法加载模块:Application

[ 2016-10-29T22:14:06+08:00 ] ::1 /thinkPHP/zuoye/20161029thinkPHP/Application/Admin/View/Index/__IMG__/menu_arrow.gif
INFO: [ app_init ] --START--
INFO: Run Behavior\BuildLiteBehavior [ RunTime:0.000000s ]
INFO: [ app_init ] --END-- [ RunTime:0.000000s ]
ERR: 无法加载模块:Application

[ 2016-10-29T22:42:49+08:00 ] 127.0.0.1 /testTp
INFO: [ app_init ] --START--
INFO: Run Behavior\BuildLiteBehavior [ RunTime:0.000000s ]
INFO: [ app_init ] --END-- [ RunTime:0.001000s ]
ERR: 无法加载模块:TestTp

[ 2016-10-29T22:43:07+08:00 ] 127.0.0.1 /testTp
INFO: [ app_init ] --START--
INFO: Run Behavior\BuildLiteBehavior [ RunTime:0.000000s ]
INFO: [ app_init ] --END-- [ RunTime:0.000000s ]
ERR: 无法加载模块:TestTp

